{"C:\\my_dev\\repositories\\react-19-starter\\src\\app.tsx": {"path":"C:\\my_dev\\repositories\\react-19-starter\\src\\app.tsx","statementMap":{"0":{"start":{"line":10,"column":20},"end":{"line":10,"column":null}},"1":{"start":{"line":12,"column":2},"end":{"line":17,"column":null}}},"fnMap":{"0":{"name":"App","decl":{"start":{"line":11,"column":24},"end":{"line":11,"column":30}},"loc":{"start":{"line":11,"column":30},"end":{"line":19,"column":null}},"line":11}},"branchMap":{},"s":{"0":0,"1":0},"f":{"0":0},"b":{},"meta":{"lastBranch":0,"lastFunction":1,"lastStatement":2,"seen":{"s:10:20:10:Infinity":0,"f:11:24:11:30":0,"s:12:2:17:Infinity":1}}}
,"C:\\my_dev\\repositories\\react-19-starter\\src\\globals.d.ts": {"path":"C:\\my_dev\\repositories\\react-19-starter\\src\\globals.d.ts","statementMap":{},"fnMap":{},"branchMap":{},"s":{},"f":{},"b":{},"meta":{"lastBranch":0,"lastFunction":0,"lastStatement":0,"seen":{}}}
,"C:\\my_dev\\repositories\\react-19-starter\\src\\vite-env.d.ts": {"path":"C:\\my_dev\\repositories\\react-19-starter\\src\\vite-env.d.ts","statementMap":{},"fnMap":{},"branchMap":{},"s":{},"f":{},"b":{},"meta":{"lastBranch":0,"lastFunction":0,"lastStatement":0,"seen":{}}}
,"C:\\my_dev\\repositories\\react-19-starter\\src\\_tests\\mocks\\handlers\\api-one.ts": {"path":"C:\\my_dev\\repositories\\react-19-starter\\src\\_tests\\mocks\\handlers\\api-one.ts","statementMap":{"0":{"start":{"line":5,"column":4},"end":{"line":9,"column":null}},"1":{"start":{"line":12,"column":4},"end":{"line":16,"column":null}},"2":{"start":{"line":19,"column":4},"end":{"line":23,"column":null}},"3":{"start":{"line":26,"column":4},"end":{"line":30,"column":null}}},"fnMap":{"0":{"name":"(anonymous_0)","decl":{"start":{"line":4,"column":24},"end":{"line":4,"column":30}},"loc":{"start":{"line":4,"column":30},"end":{"line":10,"column":3}},"line":4},"1":{"name":"(anonymous_1)","decl":{"start":{"line":11,"column":25},"end":{"line":11,"column":31}},"loc":{"start":{"line":11,"column":31},"end":{"line":17,"column":3}},"line":11},"2":{"name":"(anonymous_2)","decl":{"start":{"line":18,"column":24},"end":{"line":18,"column":30}},"loc":{"start":{"line":18,"column":30},"end":{"line":24,"column":3}},"line":18},"3":{"name":"(anonymous_3)","decl":{"start":{"line":25,"column":27},"end":{"line":25,"column":33}},"loc":{"start":{"line":25,"column":33},"end":{"line":31,"column":3}},"line":25}},"branchMap":{},"s":{"0":0,"1":0,"2":0,"3":0},"f":{"0":0,"1":0,"2":0,"3":0},"b":{},"meta":{"lastBranch":0,"lastFunction":4,"lastStatement":4,"seen":{"f:4:24:4:30":0,"s:5:4:9:Infinity":0,"f:11:25:11:31":1,"s:12:4:16:Infinity":1,"f:18:24:18:30":2,"s:19:4:23:Infinity":2,"f:25:27:25:33":3,"s:26:4:30:Infinity":3}}}
,"C:\\my_dev\\repositories\\react-19-starter\\src\\_tests\\mocks\\handlers\\index.ts": {"path":"C:\\my_dev\\repositories\\react-19-starter\\src\\_tests\\mocks\\handlers\\index.ts","statementMap":{},"fnMap":{},"branchMap":{},"s":{},"f":{},"b":{},"meta":{"lastBranch":0,"lastFunction":0,"lastStatement":0,"seen":{}}}
,"C:\\my_dev\\repositories\\react-19-starter\\src\\_tests\\product-feature-example\\product.module.css.d.ts": {"path":"C:\\my_dev\\repositories\\react-19-starter\\src\\_tests\\product-feature-example\\product.module.css.d.ts","statementMap":{"0":{"start":{"line":4,"column":0},"end":{"line":4,"column":null}}},"fnMap":{},"branchMap":{},"s":{"0":0},"f":{},"b":{},"meta":{"lastBranch":0,"lastFunction":0,"lastStatement":1,"seen":{"s:4:0:4:Infinity":0}}}
,"C:\\my_dev\\repositories\\react-19-starter\\src\\_tests\\product-feature-example\\products.api.ts": {"path":"C:\\my_dev\\repositories\\react-19-starter\\src\\_tests\\product-feature-example\\products.api.ts","statementMap":{"0":{"start":{"line":20,"column":27},"end":{"line":27,"column":null}},"1":{"start":{"line":21,"column":18},"end":{"line":21,"column":null}},"2":{"start":{"line":22,"column":8},"end":{"line":22,"column":null}},"3":{"start":{"line":23,"column":8},"end":{"line":25,"column":null}},"4":{"start":{"line":26,"column":2},"end":{"line":26,"column":null}},"5":{"start":{"line":30,"column":18},"end":{"line":30,"column":null}},"6":{"start":{"line":31,"column":8},"end":{"line":31,"column":null}},"7":{"start":{"line":32,"column":8},"end":{"line":32,"column":null}},"8":{"start":{"line":32,"column":70},"end":{"line":32,"column":86}},"9":{"start":{"line":33,"column":8},"end":{"line":33,"column":null}},"10":{"start":{"line":34,"column":22},"end":{"line":34,"column":null}},"11":{"start":{"line":35,"column":2},"end":{"line":35,"column":null}}},"fnMap":{"0":{"name":"(anonymous_0)","decl":{"start":{"line":20,"column":27},"end":{"line":20,"column":33}},"loc":{"start":{"line":20,"column":33},"end":{"line":27,"column":null}},"line":20},"1":{"name":"useCreateProduct","decl":{"start":{"line":29,"column":16},"end":{"line":29,"column":33}},"loc":{"start":{"line":29,"column":57},"end":{"line":36,"column":null}},"line":29},"2":{"name":"(anonymous_2)","decl":{"start":{"line":32,"column":33},"end":{"line":32,"column":40}},"loc":{"start":{"line":32,"column":70},"end":{"line":32,"column":86}},"line":32}},"branchMap":{},"s":{"0":0,"1":0,"2":0,"3":0,"4":0,"5":0,"6":0,"7":0,"8":0,"9":0,"10":0,"11":0},"f":{"0":0,"1":0,"2":0},"b":{},"meta":{"lastBranch":0,"lastFunction":3,"lastStatement":12,"seen":{"s:20:27:27:Infinity":0,"f:20:27:20:33":0,"s:21:18:21:Infinity":1,"s:22:8:22:Infinity":2,"s:23:8:25:Infinity":3,"s:26:2:26:Infinity":4,"f:29:16:29:33":1,"s:30:18:30:Infinity":5,"s:31:8:31:Infinity":6,"s:32:8:32:Infinity":7,"f:32:33:32:40":2,"s:32:70:32:86":8,"s:33:8:33:Infinity":9,"s:34:22:34:Infinity":10,"s:35:2:35:Infinity":11}}}
,"C:\\my_dev\\repositories\\react-19-starter\\src\\_tests\\product-feature-example\\products.custom.td.component.tsx": {"path":"C:\\my_dev\\repositories\\react-19-starter\\src\\_tests\\product-feature-example\\products.custom.td.component.tsx","statementMap":{"0":{"start":{"line":7,"column":24},"end":{"line":23,"column":null}},"1":{"start":{"line":12,"column":32},"end":{"line":12,"column":null}},"2":{"start":{"line":13,"column":8},"end":{"line":15,"column":null}},"3":{"start":{"line":14,"column":4},"end":{"line":14,"column":null}},"4":{"start":{"line":16,"column":2},"end":{"line":21,"column":null}}},"fnMap":{"0":{"name":"(anonymous_0)","decl":{"start":{"line":7,"column":24},"end":{"line":7,"column":null}},"loc":{"start":{"line":11,"column":5},"end":{"line":23,"column":null}},"line":11},"1":{"name":"(anonymous_1)","decl":{"start":{"line":13,"column":24},"end":{"line":13,"column":30}},"loc":{"start":{"line":13,"column":30},"end":{"line":15,"column":5}},"line":13}},"branchMap":{},"s":{"0":0,"1":0,"2":0,"3":0,"4":0},"f":{"0":0,"1":0},"b":{},"meta":{"lastBranch":0,"lastFunction":2,"lastStatement":5,"seen":{"s:7:24:23:Infinity":0,"f:7:24:7:Infinity":0,"s:12:32:12:Infinity":1,"s:13:8:15:Infinity":2,"f:13:24:13:30":1,"s:14:4:14:Infinity":3,"s:16:2:21:Infinity":4}}}
,"C:\\my_dev\\repositories\\react-19-starter\\src\\_tests\\product-feature-example\\products.custom.th.component.tsx": {"path":"C:\\my_dev\\repositories\\react-19-starter\\src\\_tests\\product-feature-example\\products.custom.th.component.tsx","statementMap":{"0":{"start":{"line":10,"column":24},"end":{"line":26,"column":null}},"1":{"start":{"line":11,"column":52},"end":{"line":11,"column":null}},"2":{"start":{"line":12,"column":8},"end":{"line":19,"column":null}},"3":{"start":{"line":13,"column":4},"end":{"line":18,"column":null}},"4":{"start":{"line":14,"column":6},"end":{"line":18,"column":null}},"5":{"start":{"line":20,"column":2},"end":{"line":24,"column":null}}},"fnMap":{"0":{"name":"(anonymous_0)","decl":{"start":{"line":10,"column":24},"end":{"line":10,"column":25}},"loc":{"start":{"line":10,"column":113},"end":{"line":26,"column":null}},"line":10},"1":{"name":"(anonymous_1)","decl":{"start":{"line":12,"column":35},"end":{"line":12,"column":41}},"loc":{"start":{"line":12,"column":41},"end":{"line":19,"column":5}},"line":12}},"branchMap":{"0":{"loc":{"start":{"line":13,"column":4},"end":{"line":18,"column":null}},"type":"if","locations":[{"start":{"line":13,"column":4},"end":{"line":18,"column":null}},{"start":{},"end":{}}],"line":13},"1":{"loc":{"start":{"line":16,"column":15},"end":{"line":16,"column":null}},"type":"cond-expr","locations":[{"start":{"line":16,"column":45},"end":{"line":16,"column":90}},{"start":{"line":16,"column":90},"end":{"line":16,"column":null}}],"line":16},"2":{"loc":{"start":{"line":16,"column":45},"end":{"line":16,"column":90}},"type":"cond-expr","locations":[{"start":{"line":16,"column":72},"end":{"line":16,"column":81}},{"start":{"line":16,"column":81},"end":{"line":16,"column":90}}],"line":16}},"s":{"0":0,"1":0,"2":0,"3":0,"4":0,"5":0},"f":{"0":0,"1":0},"b":{"0":[0,0],"1":[0,0],"2":[0,0]},"meta":{"lastBranch":3,"lastFunction":2,"lastStatement":6,"seen":{"s:10:24:26:Infinity":0,"f:10:24:10:25":0,"s:11:52:11:Infinity":1,"s:12:8:19:Infinity":2,"f:12:35:12:41":1,"b:13:4:18:Infinity:undefined:undefined:undefined:undefined":0,"s:13:4:18:Infinity":3,"s:14:6:18:Infinity":4,"b:16:45:16:90:16:90:16:Infinity":1,"b:16:72:16:81:16:81:16:90":2,"s:20:2:24:Infinity":5}}}
,"C:\\my_dev\\repositories\\react-19-starter\\src\\_tests\\product-feature-example\\products.list.component.tsx": {"path":"C:\\my_dev\\repositories\\react-19-starter\\src\\_tests\\product-feature-example\\products.list.component.tsx","statementMap":{"0":{"start":{"line":8,"column":31},"end":{"line":51,"column":null}},"1":{"start":{"line":9,"column":68},"end":{"line":9,"column":null}},"2":{"start":{"line":11,"column":8},"end":{"line":17,"column":null}},"3":{"start":{"line":12,"column":4},"end":{"line":16,"column":null}},"4":{"start":{"line":19,"column":8},"end":{"line":25,"column":null}},"5":{"start":{"line":20,"column":4},"end":{"line":24,"column":null}},"6":{"start":{"line":27,"column":2},"end":{"line":49,"column":null}},"7":{"start":{"line":45,"column":8},"end":{"line":47,"column":null}}},"fnMap":{"0":{"name":"(anonymous_0)","decl":{"start":{"line":8,"column":31},"end":{"line":8,"column":37}},"loc":{"start":{"line":8,"column":37},"end":{"line":51,"column":null}},"line":8},"1":{"name":"(anonymous_1)","decl":{"start":{"line":11,"column":34},"end":{"line":11,"column":40}},"loc":{"start":{"line":11,"column":40},"end":{"line":17,"column":5}},"line":11},"2":{"name":"(anonymous_2)","decl":{"start":{"line":19,"column":37},"end":{"line":19,"column":43}},"loc":{"start":{"line":19,"column":43},"end":{"line":25,"column":5}},"line":19},"3":{"name":"(anonymous_3)","decl":{"start":{"line":44,"column":31},"end":{"line":44,"column":32}},"loc":{"start":{"line":45,"column":8},"end":{"line":47,"column":null}},"line":45}},"branchMap":{"0":{"loc":{"start":{"line":14,"column":13},"end":{"line":14,"column":null}},"type":"cond-expr","locations":[{"start":{"line":14,"column":42},"end":{"line":14,"column":87}},{"start":{"line":14,"column":87},"end":{"line":14,"column":null}}],"line":14},"1":{"loc":{"start":{"line":14,"column":42},"end":{"line":14,"column":87}},"type":"cond-expr","locations":[{"start":{"line":14,"column":69},"end":{"line":14,"column":78}},{"start":{"line":14,"column":78},"end":{"line":14,"column":87}}],"line":14},"2":{"loc":{"start":{"line":22,"column":13},"end":{"line":22,"column":null}},"type":"cond-expr","locations":[{"start":{"line":22,"column":45},"end":{"line":22,"column":90}},{"start":{"line":22,"column":90},"end":{"line":22,"column":null}}],"line":22},"3":{"loc":{"start":{"line":22,"column":45},"end":{"line":22,"column":90}},"type":"cond-expr","locations":[{"start":{"line":22,"column":72},"end":{"line":22,"column":81}},{"start":{"line":22,"column":81},"end":{"line":22,"column":90}}],"line":22}},"s":{"0":0,"1":0,"2":0,"3":0,"4":0,"5":0,"6":0,"7":0},"f":{"0":0,"1":0,"2":0,"3":0},"b":{"0":[0,0],"1":[0,0],"2":[0,0],"3":[0,0]},"meta":{"lastBranch":4,"lastFunction":4,"lastStatement":8,"seen":{"s:8:31:51:Infinity":0,"f:8:31:8:37":0,"s:9:68:9:Infinity":1,"s:11:8:17:Infinity":2,"f:11:34:11:40":1,"s:12:4:16:Infinity":3,"b:14:42:14:87:14:87:14:Infinity":0,"b:14:69:14:78:14:78:14:87":1,"s:19:8:25:Infinity":4,"f:19:37:19:43":2,"s:20:4:24:Infinity":5,"b:22:45:22:90:22:90:22:Infinity":2,"b:22:72:22:81:22:81:22:90":3,"s:27:2:49:Infinity":6,"f:44:31:44:32":3,"s:45:8:47:Infinity":7}}}
,"C:\\my_dev\\repositories\\react-19-starter\\src\\_tests\\product-feature-example\\products.page.tsx": {"path":"C:\\my_dev\\repositories\\react-19-starter\\src\\_tests\\product-feature-example\\products.page.tsx","statementMap":{"0":{"start":{"line":1,"column":21},"end":{"line":25,"column":null}},"1":{"start":{"line":7,"column":2},"end":{"line":23,"column":null}}},"fnMap":{"0":{"name":"(anonymous_0)","decl":{"start":{"line":1,"column":21},"end":{"line":1,"column":27}},"loc":{"start":{"line":1,"column":27},"end":{"line":25,"column":null}},"line":1}},"branchMap":{},"s":{"0":0,"1":0},"f":{"0":0},"b":{},"meta":{"lastBranch":0,"lastFunction":1,"lastStatement":2,"seen":{"s:1:21:25:Infinity":0,"f:1:21:1:27":0,"s:7:2:23:Infinity":1}}}
,"C:\\my_dev\\repositories\\react-19-starter\\src\\_tests\\product-feature-example\\products.sorting.filtering.config.tsx": {"path":"C:\\my_dev\\repositories\\react-19-starter\\src\\_tests\\product-feature-example\\products.sorting.filtering.config.tsx","statementMap":{"0":{"start":{"line":8,"column":73},"end":{"line":19,"column":null}},"1":{"start":{"line":10,"column":17},"end":{"line":10,"column":null}},"2":{"start":{"line":11,"column":19},"end":{"line":11,"column":null}},"3":{"start":{"line":11,"column":26},"end":{"line":11,"column":null}},"4":{"start":{"line":12,"column":17},"end":{"line":12,"column":null}},"5":{"start":{"line":15,"column":17},"end":{"line":15,"column":null}},"6":{"start":{"line":16,"column":19},"end":{"line":16,"column":null}},"7":{"start":{"line":16,"column":26},"end":{"line":16,"column":null}},"8":{"start":{"line":17,"column":17},"end":{"line":17,"column":null}},"9":{"start":{"line":24,"column":0},"end":{"line":26,"column":null}},"10":{"start":{"line":29,"column":42},"end":{"line":29,"column":null}}},"fnMap":{"0":{"name":"(anonymous_0)","decl":{"start":{"line":10,"column":11},"end":{"line":10,"column":17}},"loc":{"start":{"line":10,"column":17},"end":{"line":10,"column":null}},"line":10},"1":{"name":"(anonymous_1)","decl":{"start":{"line":11,"column":12},"end":{"line":11,"column":13}},"loc":{"start":{"line":11,"column":19},"end":{"line":11,"column":null}},"line":11},"2":{"name":"(anonymous_2)","decl":{"start":{"line":11,"column":19},"end":{"line":11,"column":20}},"loc":{"start":{"line":11,"column":26},"end":{"line":11,"column":null}},"line":11},"3":{"name":"(anonymous_3)","decl":{"start":{"line":12,"column":10},"end":{"line":12,"column":11}},"loc":{"start":{"line":12,"column":17},"end":{"line":12,"column":null}},"line":12},"4":{"name":"(anonymous_4)","decl":{"start":{"line":15,"column":11},"end":{"line":15,"column":17}},"loc":{"start":{"line":15,"column":17},"end":{"line":15,"column":null}},"line":15},"5":{"name":"(anonymous_5)","decl":{"start":{"line":16,"column":12},"end":{"line":16,"column":13}},"loc":{"start":{"line":16,"column":19},"end":{"line":16,"column":null}},"line":16},"6":{"name":"(anonymous_6)","decl":{"start":{"line":16,"column":19},"end":{"line":16,"column":20}},"loc":{"start":{"line":16,"column":26},"end":{"line":16,"column":null}},"line":16},"7":{"name":"(anonymous_7)","decl":{"start":{"line":17,"column":10},"end":{"line":17,"column":11}},"loc":{"start":{"line":17,"column":17},"end":{"line":17,"column":null}},"line":17}},"branchMap":{},"s":{"0":0,"1":0,"2":0,"3":0,"4":0,"5":0,"6":0,"7":0,"8":0,"9":0,"10":0},"f":{"0":0,"1":0,"2":0,"3":0,"4":0,"5":0,"6":0,"7":0},"b":{},"meta":{"lastBranch":0,"lastFunction":8,"lastStatement":11,"seen":{"s:8:73:19:Infinity":0,"f:10:11:10:17":0,"s:10:17:10:Infinity":1,"f:11:12:11:13":1,"s:11:19:11:Infinity":2,"f:11:19:11:20":2,"s:11:26:11:Infinity":3,"f:12:10:12:11":3,"s:12:17:12:Infinity":4,"f:15:11:15:17":4,"s:15:17:15:Infinity":5,"f:16:12:16:13":5,"s:16:19:16:Infinity":6,"f:16:19:16:20":6,"s:16:26:16:Infinity":7,"f:17:10:17:11":7,"s:17:17:17:Infinity":8,"s:24:0:26:Infinity":9,"s:29:42:29:Infinity":10}}}
,"C:\\my_dev\\repositories\\react-19-starter\\src\\_tests\\product-feature-example\\products.table.component.tsx": {"path":"C:\\my_dev\\repositories\\react-19-starter\\src\\_tests\\product-feature-example\\products.table.component.tsx","statementMap":{"0":{"start":{"line":3,"column":32},"end":{"line":20,"column":null}},"1":{"start":{"line":4,"column":29},"end":{"line":4,"column":null}},"2":{"start":{"line":6,"column":2},"end":{"line":18,"column":null}},"3":{"start":{"line":13,"column":8},"end":{"line":16,"column":null}}},"fnMap":{"0":{"name":"(anonymous_0)","decl":{"start":{"line":3,"column":32},"end":{"line":3,"column":38}},"loc":{"start":{"line":3,"column":38},"end":{"line":20,"column":null}},"line":3},"1":{"name":"(anonymous_1)","decl":{"start":{"line":12,"column":31},"end":{"line":12,"column":32}},"loc":{"start":{"line":13,"column":8},"end":{"line":16,"column":null}},"line":13}},"branchMap":{},"s":{"0":0,"1":0,"2":0,"3":0},"f":{"0":0,"1":0},"b":{},"meta":{"lastBranch":0,"lastFunction":2,"lastStatement":4,"seen":{"s:3:32:20:Infinity":0,"f:3:32:3:38":0,"s:4:29:4:Infinity":1,"s:6:2:18:Infinity":2,"f:12:31:12:32":1,"s:13:8:16:Infinity":3}}}
,"C:\\my_dev\\repositories\\react-19-starter\\src\\_tests\\product-feature-example\\products.table.config.tsx": {"path":"C:\\my_dev\\repositories\\react-19-starter\\src\\_tests\\product-feature-example\\products.table.config.tsx","statementMap":{"0":{"start":{"line":11,"column":63},"end":{"line":28,"column":null}},"1":{"start":{"line":14,"column":20},"end":{"line":14,"column":null}},"2":{"start":{"line":16,"column":26},"end":{"line":16,"column":null}},"3":{"start":{"line":17,"column":17},"end":{"line":17,"column":null}},"4":{"start":{"line":24,"column":26},"end":{"line":24,"column":null}},"5":{"start":{"line":25,"column":17},"end":{"line":25,"column":null}},"6":{"start":{"line":26,"column":29},"end":{"line":26,"column":null}},"7":{"start":{"line":26,"column":42},"end":{"line":26,"column":null}},"8":{"start":{"line":31,"column":52},"end":{"line":31,"column":null}},"9":{"start":{"line":32,"column":37},"end":{"line":32,"column":null}},"10":{"start":{"line":35,"column":42},"end":{"line":35,"column":null}}},"fnMap":{"0":{"name":"(anonymous_0)","decl":{"start":{"line":14,"column":14},"end":{"line":14,"column":20}},"loc":{"start":{"line":14,"column":20},"end":{"line":14,"column":null}},"line":14},"1":{"name":"(anonymous_1)","decl":{"start":{"line":16,"column":19},"end":{"line":16,"column":20}},"loc":{"start":{"line":16,"column":26},"end":{"line":16,"column":null}},"line":16},"2":{"name":"(anonymous_2)","decl":{"start":{"line":17,"column":10},"end":{"line":17,"column":11}},"loc":{"start":{"line":17,"column":17},"end":{"line":17,"column":null}},"line":17},"3":{"name":"(anonymous_3)","decl":{"start":{"line":24,"column":19},"end":{"line":24,"column":20}},"loc":{"start":{"line":24,"column":26},"end":{"line":24,"column":null}},"line":24},"4":{"name":"(anonymous_4)","decl":{"start":{"line":25,"column":10},"end":{"line":25,"column":11}},"loc":{"start":{"line":25,"column":17},"end":{"line":25,"column":null}},"line":25},"5":{"name":"(anonymous_5)","decl":{"start":{"line":26,"column":12},"end":{"line":26,"column":13}},"loc":{"start":{"line":26,"column":29},"end":{"line":26,"column":null}},"line":26},"6":{"name":"(anonymous_6)","decl":{"start":{"line":26,"column":29},"end":{"line":26,"column":30}},"loc":{"start":{"line":26,"column":42},"end":{"line":26,"column":null}},"line":26}},"branchMap":{},"s":{"0":0,"1":0,"2":0,"3":0,"4":0,"5":0,"6":0,"7":0,"8":0,"9":0,"10":0},"f":{"0":0,"1":0,"2":0,"3":0,"4":0,"5":0,"6":0},"b":{},"meta":{"lastBranch":0,"lastFunction":7,"lastStatement":11,"seen":{"s:11:63:28:Infinity":0,"f:14:14:14:20":0,"s:14:20:14:Infinity":1,"f:16:19:16:20":1,"s:16:26:16:Infinity":2,"f:17:10:17:11":2,"s:17:17:17:Infinity":3,"f:24:19:24:20":3,"s:24:26:24:Infinity":4,"f:25:10:25:11":4,"s:25:17:25:Infinity":5,"f:26:12:26:13":5,"s:26:29:26:Infinity":6,"f:26:29:26:30":6,"s:26:42:26:Infinity":7,"s:31:52:31:Infinity":8,"s:32:37:32:Infinity":9,"s:35:42:35:Infinity":10}}}
,"C:\\my_dev\\repositories\\react-19-starter\\src\\components\\a-feature-with-context\\feature.context.tsx": {"path":"C:\\my_dev\\repositories\\react-19-starter\\src\\components\\a-feature-with-context\\feature.context.tsx","statementMap":{"0":{"start":{"line":6,"column":33},"end":{"line":16,"column":null}},"1":{"start":{"line":7,"column":22},"end":{"line":7,"column":null}},"2":{"start":{"line":9,"column":2},"end":{"line":15,"column":null}},"3":{"start":{"line":10,"column":11},"end":{"line":13,"column":null}},"4":{"start":{"line":18,"column":6},"end":{"line":18,"column":null}},"5":{"start":{"line":21,"column":33},"end":{"line":21,"column":null}},"6":{"start":{"line":23,"column":38},"end":{"line":26,"column":null}},"7":{"start":{"line":24,"column":18},"end":{"line":24,"column":null}},"8":{"start":{"line":25,"column":2},"end":{"line":25,"column":null}}},"fnMap":{"0":{"name":"(anonymous_0)","decl":{"start":{"line":6,"column":33},"end":{"line":6,"column":39}},"loc":{"start":{"line":6,"column":39},"end":{"line":16,"column":null}},"line":6},"1":{"name":"(anonymous_1)","decl":{"start":{"line":10,"column":4},"end":{"line":10,"column":11}},"loc":{"start":{"line":10,"column":11},"end":{"line":13,"column":null}},"line":10},"2":{"name":"(anonymous_2)","decl":{"start":{"line":21,"column":33},"end":{"line":21,"column":39}},"loc":{"start":{"line":21,"column":33},"end":{"line":21,"column":null}},"line":21},"3":{"name":"(anonymous_3)","decl":{"start":{"line":23,"column":38},"end":{"line":23,"column":39}},"loc":{"start":{"line":23,"column":75},"end":{"line":26,"column":null}},"line":23}},"branchMap":{},"s":{"0":0,"1":0,"2":0,"3":0,"4":0,"5":0,"6":0,"7":0,"8":0},"f":{"0":0,"1":0,"2":0,"3":0},"b":{},"meta":{"lastBranch":0,"lastFunction":4,"lastStatement":9,"seen":{"s:6:33:16:Infinity":0,"f:6:33:6:39":0,"s:7:22:7:Infinity":1,"s:9:2:15:Infinity":2,"f:10:4:10:11":1,"s:10:11:13:Infinity":3,"s:18:6:18:Infinity":4,"s:21:33:21:Infinity":5,"f:21:33:21:39":2,"s:23:38:26:Infinity":6,"f:23:38:23:39":3,"s:24:18:24:Infinity":7,"s:25:2:25:Infinity":8}}}
,"C:\\my_dev\\repositories\\react-19-starter\\src\\components\\alert\\index.tsx": {"path":"C:\\my_dev\\repositories\\react-19-starter\\src\\components\\alert\\index.tsx","statementMap":{"0":{"start":{"line":5,"column":21},"end":{"line":8,"column":null}},"1":{"start":{"line":6,"column":2},"end":{"line":8,"column":null}}},"fnMap":{"0":{"name":"(anonymous_0)","decl":{"start":{"line":5,"column":21},"end":{"line":5,"column":22}},"loc":{"start":{"line":6,"column":2},"end":{"line":8,"column":null}},"line":6}},"branchMap":{},"s":{"0":0,"1":0},"f":{"0":0},"b":{},"meta":{"lastBranch":0,"lastFunction":1,"lastStatement":2,"seen":{"s:5:21:8:Infinity":0,"f:5:21:5:22":0,"s:6:2:8:Infinity":1}}}
,"C:\\my_dev\\repositories\\react-19-starter\\src\\components\\app-menu\\index.tsx": {"path":"C:\\my_dev\\repositories\\react-19-starter\\src\\components\\app-menu\\index.tsx","statementMap":{"0":{"start":{"line":6,"column":6},"end":{"line":18,"column":null}},"1":{"start":{"line":20,"column":23},"end":{"line":34,"column":null}},"2":{"start":{"line":21,"column":2},"end":{"line":32,"column":null}}},"fnMap":{"0":{"name":"(anonymous_0)","decl":{"start":{"line":20,"column":23},"end":{"line":20,"column":24}},"loc":{"start":{"line":20,"column":66},"end":{"line":34,"column":null}},"line":20}},"branchMap":{},"s":{"0":0,"1":0,"2":0},"f":{"0":0},"b":{},"meta":{"lastBranch":0,"lastFunction":1,"lastStatement":3,"seen":{"s:6:6:18:Infinity":0,"s:20:23:34:Infinity":1,"f:20:23:20:24":0,"s:21:2:32:Infinity":2}}}
,"C:\\my_dev\\repositories\\react-19-starter\\src\\components\\app-menu\\menu-item.tsx": {"path":"C:\\my_dev\\repositories\\react-19-starter\\src\\components\\app-menu\\menu-item.tsx","statementMap":{"0":{"start":{"line":8,"column":21},"end":{"line":18,"column":null}},"1":{"start":{"line":8,"column":22},"end":{"line":18,"column":null}},"2":{"start":{"line":19,"column":24},"end":{"line":34,"column":null}},"3":{"start":{"line":28,"column":12},"end":{"line":28,"column":null}},"4":{"start":{"line":29,"column":2},"end":{"line":32,"column":null}}},"fnMap":{"0":{"name":"(anonymous_0)","decl":{"start":{"line":8,"column":21},"end":{"line":8,"column":22}},"loc":{"start":{"line":8,"column":22},"end":{"line":18,"column":null}},"line":8},"1":{"name":"(anonymous_1)","decl":{"start":{"line":19,"column":24},"end":{"line":19,"column":25}},"loc":{"start":{"line":27,"column":6},"end":{"line":34,"column":null}},"line":27}},"branchMap":{},"s":{"0":0,"1":0,"2":0,"3":0,"4":0},"f":{"0":0,"1":0},"b":{},"meta":{"lastBranch":0,"lastFunction":2,"lastStatement":5,"seen":{"s:8:21:18:Infinity":0,"f:8:21:8:22":0,"s:8:22:18:Infinity":1,"s:19:24:34:Infinity":2,"f:19:24:19:25":1,"s:28:12:28:Infinity":3,"s:29:2:32:Infinity":4}}}
,"C:\\my_dev\\repositories\\react-19-starter\\src\\components\\button\\icon-button.tsx": {"path":"C:\\my_dev\\repositories\\react-19-starter\\src\\components\\button\\icon-button.tsx","statementMap":{"0":{"start":{"line":5,"column":17},"end":{"line":16,"column":null}},"1":{"start":{"line":5,"column":58},"end":{"line":16,"column":null}},"2":{"start":{"line":18,"column":22},"end":{"line":22,"column":null}},"3":{"start":{"line":24,"column":26},"end":{"line":38,"column":null}},"4":{"start":{"line":35,"column":12},"end":{"line":35,"column":null}},"5":{"start":{"line":37,"column":2},"end":{"line":37,"column":null}}},"fnMap":{"0":{"name":"(anonymous_0)","decl":{"start":{"line":5,"column":17},"end":{"line":5,"column":18}},"loc":{"start":{"line":5,"column":58},"end":{"line":16,"column":null}},"line":5},"1":{"name":"(anonymous_1)","decl":{"start":{"line":24,"column":26},"end":{"line":24,"column":27}},"loc":{"start":{"line":34,"column":6},"end":{"line":38,"column":null}},"line":34}},"branchMap":{"0":{"loc":{"start":{"line":12,"column":4},"end":{"line":12,"column":null}},"type":"binary-expr","locations":[{"start":{"line":12,"column":4},"end":{"line":12,"column":29}},{"start":{"line":12,"column":29},"end":{"line":12,"column":null}}],"line":12},"1":{"loc":{"start":{"line":13,"column":4},"end":{"line":13,"column":null}},"type":"binary-expr","locations":[{"start":{"line":13,"column":4},"end":{"line":13,"column":27}},{"start":{"line":13,"column":27},"end":{"line":13,"column":null}}],"line":13},"2":{"loc":{"start":{"line":14,"column":4},"end":{"line":14,"column":null}},"type":"binary-expr","locations":[{"start":{"line":14,"column":4},"end":{"line":14,"column":27}},{"start":{"line":14,"column":27},"end":{"line":14,"column":null}}],"line":14}},"s":{"0":0,"1":0,"2":0,"3":0,"4":0,"5":0},"f":{"0":0,"1":0},"b":{"0":[0,0],"1":[0,0],"2":[0,0]},"meta":{"lastBranch":3,"lastFunction":2,"lastStatement":6,"seen":{"s:5:17:16:Infinity":0,"f:5:17:5:18":0,"s:5:58:16:Infinity":1,"b:12:4:12:29:12:29:12:Infinity":0,"b:13:4:13:27:13:27:13:Infinity":1,"b:14:4:14:27:14:27:14:Infinity":2,"s:18:22:22:Infinity":2,"s:24:26:38:Infinity":3,"f:24:26:24:27":1,"s:35:12:35:Infinity":4,"s:37:2:37:Infinity":5}}}
,"C:\\my_dev\\repositories\\react-19-starter\\src\\components\\button\\index.tsx": {"path":"C:\\my_dev\\repositories\\react-19-starter\\src\\components\\button\\index.tsx","statementMap":{"0":{"start":{"line":5,"column":19},"end":{"line":32,"column":null}},"1":{"start":{"line":5,"column":80},"end":{"line":32,"column":null}},"2":{"start":{"line":34,"column":22},"end":{"line":51,"column":null}},"3":{"start":{"line":46,"column":2},"end":{"line":49,"column":null}}},"fnMap":{"0":{"name":"(anonymous_0)","decl":{"start":{"line":5,"column":19},"end":{"line":5,"column":20}},"loc":{"start":{"line":5,"column":80},"end":{"line":32,"column":null}},"line":5},"1":{"name":"(anonymous_1)","decl":{"start":{"line":34,"column":22},"end":{"line":34,"column":23}},"loc":{"start":{"line":45,"column":7},"end":{"line":51,"column":null}},"line":45}},"branchMap":{"0":{"loc":{"start":{"line":15,"column":4},"end":{"line":15,"column":null}},"type":"binary-expr","locations":[{"start":{"line":15,"column":4},"end":{"line":15,"column":27}},{"start":{"line":15,"column":27},"end":{"line":15,"column":null}}],"line":15},"1":{"loc":{"start":{"line":16,"column":4},"end":{"line":16,"column":null}},"type":"binary-expr","locations":[{"start":{"line":16,"column":4},"end":{"line":16,"column":27}},{"start":{"line":16,"column":27},"end":{"line":16,"column":null}}],"line":16},"2":{"loc":{"start":{"line":17,"column":4},"end":{"line":17,"column":null}},"type":"binary-expr","locations":[{"start":{"line":17,"column":4},"end":{"line":17,"column":27}},{"start":{"line":17,"column":27},"end":{"line":17,"column":null}}],"line":17},"3":{"loc":{"start":{"line":18,"column":4},"end":{"line":18,"column":null}},"type":"binary-expr","locations":[{"start":{"line":18,"column":4},"end":{"line":18,"column":27}},{"start":{"line":18,"column":27},"end":{"line":18,"column":null}}],"line":18},"4":{"loc":{"start":{"line":19,"column":4},"end":{"line":19,"column":null}},"type":"binary-expr","locations":[{"start":{"line":19,"column":4},"end":{"line":19,"column":27}},{"start":{"line":19,"column":27},"end":{"line":19,"column":null}}],"line":19},"5":{"loc":{"start":{"line":20,"column":4},"end":{"line":20,"column":null}},"type":"binary-expr","locations":[{"start":{"line":20,"column":4},"end":{"line":20,"column":29}},{"start":{"line":20,"column":29},"end":{"line":20,"column":null}}],"line":20},"6":{"loc":{"start":{"line":21,"column":4},"end":{"line":21,"column":null}},"type":"binary-expr","locations":[{"start":{"line":21,"column":4},"end":{"line":21,"column":29}},{"start":{"line":21,"column":29},"end":{"line":21,"column":null}}],"line":21},"7":{"loc":{"start":{"line":22,"column":4},"end":{"line":22,"column":null}},"type":"binary-expr","locations":[{"start":{"line":22,"column":4},"end":{"line":22,"column":29}},{"start":{"line":22,"column":29},"end":{"line":22,"column":null}}],"line":22},"8":{"loc":{"start":{"line":23,"column":4},"end":{"line":23,"column":null}},"type":"binary-expr","locations":[{"start":{"line":23,"column":4},"end":{"line":23,"column":29}},{"start":{"line":23,"column":29},"end":{"line":23,"column":null}}],"line":23},"9":{"loc":{"start":{"line":24,"column":4},"end":{"line":24,"column":null}},"type":"binary-expr","locations":[{"start":{"line":24,"column":4},"end":{"line":24,"column":29}},{"start":{"line":24,"column":29},"end":{"line":24,"column":null}}],"line":24},"10":{"loc":{"start":{"line":25,"column":4},"end":{"line":25,"column":null}},"type":"binary-expr","locations":[{"start":{"line":25,"column":4},"end":{"line":25,"column":27}},{"start":{"line":25,"column":27},"end":{"line":25,"column":null}}],"line":25},"11":{"loc":{"start":{"line":26,"column":4},"end":{"line":26,"column":null}},"type":"binary-expr","locations":[{"start":{"line":26,"column":4},"end":{"line":26,"column":27}},{"start":{"line":26,"column":27},"end":{"line":26,"column":null}}],"line":26},"12":{"loc":{"start":{"line":27,"column":4},"end":{"line":27,"column":null}},"type":"binary-expr","locations":[{"start":{"line":27,"column":4},"end":{"line":27,"column":27}},{"start":{"line":27,"column":27},"end":{"line":27,"column":null}}],"line":27},"13":{"loc":{"start":{"line":28,"column":4},"end":{"line":28,"column":null}},"type":"binary-expr","locations":[{"start":{"line":28,"column":4},"end":{"line":28,"column":27}},{"start":{"line":28,"column":27},"end":{"line":28,"column":null}}],"line":28},"14":{"loc":{"start":{"line":29,"column":4},"end":{"line":29,"column":null}},"type":"binary-expr","locations":[{"start":{"line":29,"column":4},"end":{"line":29,"column":27}},{"start":{"line":29,"column":27},"end":{"line":29,"column":null}}],"line":29},"15":{"loc":{"start":{"line":30,"column":4},"end":{"line":30,"column":null}},"type":"binary-expr","locations":[{"start":{"line":30,"column":4},"end":{"line":30,"column":16}},{"start":{"line":30,"column":16},"end":{"line":30,"column":null}}],"line":30}},"s":{"0":0,"1":0,"2":0,"3":0},"f":{"0":0,"1":0},"b":{"0":[0,0],"1":[0,0],"2":[0,0],"3":[0,0],"4":[0,0],"5":[0,0],"6":[0,0],"7":[0,0],"8":[0,0],"9":[0,0],"10":[0,0],"11":[0,0],"12":[0,0],"13":[0,0],"14":[0,0],"15":[0,0]},"meta":{"lastBranch":16,"lastFunction":2,"lastStatement":4,"seen":{"s:5:19:32:Infinity":0,"f:5:19:5:20":0,"s:5:80:32:Infinity":1,"b:15:4:15:27:15:27:15:Infinity":0,"b:16:4:16:27:16:27:16:Infinity":1,"b:17:4:17:27:17:27:17:Infinity":2,"b:18:4:18:27:18:27:18:Infinity":3,"b:19:4:19:27:19:27:19:Infinity":4,"b:20:4:20:29:20:29:20:Infinity":5,"b:21:4:21:29:21:29:21:Infinity":6,"b:22:4:22:29:22:29:22:Infinity":7,"b:23:4:23:29:23:29:23:Infinity":8,"b:24:4:24:29:24:29:24:Infinity":9,"b:25:4:25:27:25:27:25:Infinity":10,"b:26:4:26:27:26:27:26:Infinity":11,"b:27:4:27:27:27:27:27:Infinity":12,"b:28:4:28:27:28:27:28:Infinity":13,"b:29:4:29:27:29:27:29:Infinity":14,"b:30:4:30:16:30:16:30:Infinity":15,"s:34:22:51:Infinity":2,"f:34:22:34:23":1,"s:46:2:49:Infinity":3}}}
,"C:\\my_dev\\repositories\\react-19-starter\\src\\components\\card\\index.tsx": {"path":"C:\\my_dev\\repositories\\react-19-starter\\src\\components\\card\\index.tsx","statementMap":{"0":{"start":{"line":5,"column":20},"end":{"line":41,"column":null}},"1":{"start":{"line":6,"column":2},"end":{"line":39,"column":null}}},"fnMap":{"0":{"name":"(anonymous_0)","decl":{"start":{"line":5,"column":20},"end":{"line":5,"column":21}},"loc":{"start":{"line":5,"column":89},"end":{"line":41,"column":null}},"line":5}},"branchMap":{"0":{"loc":{"start":{"line":20,"column":7},"end":{"line":36,"column":null}},"type":"binary-expr","locations":[{"start":{"line":20,"column":7},"end":{"line":20,"column":null}},{"start":{"line":21,"column":8},"end":{"line":36,"column":null}}],"line":20}},"s":{"0":0,"1":0},"f":{"0":0},"b":{"0":[0,0]},"meta":{"lastBranch":1,"lastFunction":1,"lastStatement":2,"seen":{"s:5:20:41:Infinity":0,"f:5:20:5:21":0,"s:6:2:39:Infinity":1,"b:20:7:20:Infinity:21:8:36:Infinity":0}}}
,"C:\\my_dev\\repositories\\react-19-starter\\src\\components\\chart\\chart-tooltip-template.tsx": {"path":"C:\\my_dev\\repositories\\react-19-starter\\src\\components\\chart\\chart-tooltip-template.tsx","statementMap":{"0":{"start":{"line":26,"column":29},"end":{"line":64,"column":null}},"1":{"start":{"line":27,"column":2},"end":{"line":63,"column":null}},"2":{"start":{"line":28,"column":24},"end":{"line":28,"column":null}},"3":{"start":{"line":29,"column":10},"end":{"line":33,"column":null}},"4":{"start":{"line":30,"column":6},"end":{"line":30,"column":null}},"5":{"start":{"line":31,"column":6},"end":{"line":31,"column":null}},"6":{"start":{"line":32,"column":6},"end":{"line":32,"column":null}},"7":{"start":{"line":35,"column":4},"end":{"line":39,"column":null}},"8":{"start":{"line":36,"column":6},"end":{"line":38,"column":null}},"9":{"start":{"line":37,"column":8},"end":{"line":37,"column":null}},"10":{"start":{"line":41,"column":4},"end":{"line":60,"column":null}},"11":{"start":{"line":42,"column":16},"end":{"line":42,"column":null}},"12":{"start":{"line":43,"column":16},"end":{"line":43,"column":null}},"13":{"start":{"line":44,"column":6},"end":{"line":58,"column":null}},"14":{"start":{"line":62,"column":4},"end":{"line":62,"column":null}},"15":{"start":{"line":66,"column":36},"end":{"line":74,"column":null}},"16":{"start":{"line":73,"column":2},"end":{"line":73,"column":null}}},"fnMap":{"0":{"name":"(anonymous_0)","decl":{"start":{"line":26,"column":29},"end":{"line":26,"column":34}},"loc":{"start":{"line":26,"column":107},"end":{"line":64,"column":null}},"line":26},"1":{"name":"TooltipContent","decl":{"start":{"line":27,"column":18},"end":{"line":27,"column":33}},"loc":{"start":{"line":27,"column":64},"end":{"line":63,"column":null}},"line":27},"2":{"name":"(anonymous_2)","decl":{"start":{"line":29,"column":37},"end":{"line":29,"column":38}},"loc":{"start":{"line":29,"column":90},"end":{"line":33,"column":7}},"line":29},"3":{"name":"(anonymous_3)","decl":{"start":{"line":35,"column":14},"end":{"line":35,"column":20}},"loc":{"start":{"line":35,"column":20},"end":{"line":39,"column":7}},"line":35},"4":{"name":"(anonymous_4)","decl":{"start":{"line":66,"column":36},"end":{"line":66,"column":41}},"loc":{"start":{"line":72,"column":6},"end":{"line":74,"column":null}},"line":72}},"branchMap":{"0":{"loc":{"start":{"line":36,"column":6},"end":{"line":38,"column":null}},"type":"if","locations":[{"start":{"line":36,"column":6},"end":{"line":38,"column":null}},{"start":{},"end":{}}],"line":36},"1":{"loc":{"start":{"line":41,"column":4},"end":{"line":60,"column":null}},"type":"if","locations":[{"start":{"line":41,"column":4},"end":{"line":60,"column":null}},{"start":{},"end":{}}],"line":41},"2":{"loc":{"start":{"line":41,"column":8},"end":{"line":41,"column":58}},"type":"binary-expr","locations":[{"start":{"line":41,"column":8},"end":{"line":41,"column":16}},{"start":{"line":41,"column":16},"end":{"line":41,"column":32}},{"start":{"line":41,"column":32},"end":{"line":41,"column":58}}],"line":41}},"s":{"0":0,"1":0,"2":0,"3":0,"4":0,"5":0,"6":0,"7":0,"8":0,"9":0,"10":0,"11":0,"12":0,"13":0,"14":0,"15":0,"16":0},"f":{"0":0,"1":0,"2":0,"3":0,"4":0},"b":{"0":[0,0],"1":[0,0],"2":[0,0,0]},"meta":{"lastBranch":3,"lastFunction":5,"lastStatement":17,"seen":{"s:26:29:64:Infinity":0,"f:26:29:26:34":0,"s:27:2:63:Infinity":1,"f:27:18:27:33":1,"s:28:24:28:Infinity":2,"s:29:10:33:Infinity":3,"f:29:37:29:38":2,"s:30:6:30:Infinity":4,"s:31:6:31:Infinity":5,"s:32:6:32:Infinity":6,"s:35:4:39:Infinity":7,"f:35:14:35:20":3,"b:36:6:38:Infinity:undefined:undefined:undefined:undefined":0,"s:36:6:38:Infinity":8,"s:37:8:37:Infinity":9,"b:41:4:60:Infinity:undefined:undefined:undefined:undefined":1,"s:41:4:60:Infinity":10,"b:41:8:41:16:41:16:41:32:41:32:41:58":2,"s:42:16:42:Infinity":11,"s:43:16:43:Infinity":12,"s:44:6:58:Infinity":13,"s:62:4:62:Infinity":14,"s:66:36:74:Infinity":15,"f:66:36:66:41":4,"s:73:2:73:Infinity":16}}}
,"C:\\my_dev\\repositories\\react-19-starter\\src\\components\\chart\\chart.store.tsx": {"path":"C:\\my_dev\\repositories\\react-19-starter\\src\\components\\chart\\chart.store.tsx","statementMap":{"0":{"start":{"line":5,"column":6},"end":{"line":5,"column":null}},"1":{"start":{"line":7,"column":36},"end":{"line":23,"column":null}},"2":{"start":{"line":8,"column":38},"end":{"line":8,"column":null}},"3":{"start":{"line":10,"column":8},"end":{"line":20,"column":null}},"4":{"start":{"line":12,"column":6},"end":{"line":17,"column":null}},"5":{"start":{"line":13,"column":8},"end":{"line":15,"column":null}},"6":{"start":{"line":14,"column":10},"end":{"line":14,"column":null}},"7":{"start":{"line":14,"column":36},"end":{"line":14,"column":49}},"8":{"start":{"line":16,"column":8},"end":{"line":16,"column":null}},"9":{"start":{"line":22,"column":2},"end":{"line":22,"column":null}}},"fnMap":{"0":{"name":"(anonymous_0)","decl":{"start":{"line":7,"column":36},"end":{"line":7,"column":42}},"loc":{"start":{"line":7,"column":42},"end":{"line":23,"column":null}},"line":7},"1":{"name":"(anonymous_1)","decl":{"start":{"line":11,"column":4},"end":{"line":11,"column":5}},"loc":{"start":{"line":11,"column":25},"end":{"line":18,"column":null}},"line":11},"2":{"name":"(anonymous_2)","decl":{"start":{"line":12,"column":22},"end":{"line":12,"column":23}},"loc":{"start":{"line":12,"column":32},"end":{"line":17,"column":7}},"line":12},"3":{"name":"(anonymous_3)","decl":{"start":{"line":14,"column":29},"end":{"line":14,"column":30}},"loc":{"start":{"line":14,"column":36},"end":{"line":14,"column":49}},"line":14}},"branchMap":{"0":{"loc":{"start":{"line":13,"column":8},"end":{"line":15,"column":null}},"type":"if","locations":[{"start":{"line":13,"column":8},"end":{"line":15,"column":null}},{"start":{},"end":{}}],"line":13}},"s":{"0":0,"1":0,"2":0,"3":0,"4":0,"5":0,"6":0,"7":0,"8":0,"9":0},"f":{"0":0,"1":0,"2":0,"3":0},"b":{"0":[0,0]},"meta":{"lastBranch":1,"lastFunction":4,"lastStatement":10,"seen":{"s:5:6:5:Infinity":0,"s:7:36:23:Infinity":1,"f:7:36:7:42":0,"s:8:38:8:Infinity":2,"s:10:8:20:Infinity":3,"f:11:4:11:5":1,"s:12:6:17:Infinity":4,"f:12:22:12:23":2,"b:13:8:15:Infinity:undefined:undefined:undefined:undefined":0,"s:13:8:15:Infinity":5,"s:14:10:14:Infinity":6,"f:14:29:14:30":3,"s:14:36:14:49":7,"s:16:8:16:Infinity":8,"s:22:2:22:Infinity":9}}}
,"C:\\my_dev\\repositories\\react-19-starter\\src\\components\\chart\\legend.component.tsx": {"path":"C:\\my_dev\\repositories\\react-19-starter\\src\\components\\chart\\legend.component.tsx","statementMap":{"0":{"start":{"line":7,"column":24},"end":{"line":51,"column":null}},"1":{"start":{"line":8,"column":22},"end":{"line":8,"column":null}},"2":{"start":{"line":9,"column":38},"end":{"line":9,"column":null}},"3":{"start":{"line":11,"column":2},"end":{"line":49,"column":null}},"4":{"start":{"line":28,"column":8},"end":{"line":47,"column":null}},"5":{"start":{"line":44,"column":25},"end":{"line":44,"column":null}},"6":{"start":{"line":53,"column":30},"end":{"line":55,"column":null}},"7":{"start":{"line":54,"column":2},"end":{"line":54,"column":null}}},"fnMap":{"0":{"name":"(anonymous_0)","decl":{"start":{"line":7,"column":24},"end":{"line":7,"column":25}},"loc":{"start":{"line":7,"column":48},"end":{"line":51,"column":null}},"line":7},"1":{"name":"(anonymous_1)","decl":{"start":{"line":27,"column":20},"end":{"line":27,"column":21}},"loc":{"start":{"line":28,"column":8},"end":{"line":47,"column":null}},"line":28},"2":{"name":"(anonymous_2)","decl":{"start":{"line":44,"column":19},"end":{"line":44,"column":25}},"loc":{"start":{"line":44,"column":25},"end":{"line":44,"column":null}},"line":44},"3":{"name":"(anonymous_3)","decl":{"start":{"line":53,"column":30},"end":{"line":53,"column":36}},"loc":{"start":{"line":53,"column":36},"end":{"line":55,"column":null}},"line":53}},"branchMap":{"0":{"loc":{"start":{"line":39,"column":12},"end":{"line":39,"column":null}},"type":"binary-expr","locations":[{"start":{"line":39,"column":12},"end":{"line":39,"column":41}},{"start":{"line":39,"column":41},"end":{"line":39,"column":88}},{"start":{"line":39,"column":83},"end":{"line":39,"column":null}}],"line":39}},"s":{"0":0,"1":0,"2":0,"3":0,"4":0,"5":0,"6":0,"7":0},"f":{"0":0,"1":0,"2":0,"3":0},"b":{"0":[0,0,0]},"meta":{"lastBranch":1,"lastFunction":4,"lastStatement":8,"seen":{"s:7:24:51:Infinity":0,"f:7:24:7:25":0,"s:8:22:8:Infinity":1,"s:9:38:9:Infinity":2,"s:11:2:49:Infinity":3,"f:27:20:27:21":1,"s:28:8:47:Infinity":4,"b:39:12:39:41:39:41:39:88:39:83:39:Infinity":0,"f:44:19:44:25":2,"s:44:25:44:Infinity":5,"s:53:30:55:Infinity":6,"f:53:30:53:36":3,"s:54:2:54:Infinity":7}}}
,"C:\\my_dev\\repositories\\react-19-starter\\src\\components\\chart\\line-chart-template.tsx": {"path":"C:\\my_dev\\repositories\\react-19-starter\\src\\components\\chart\\line-chart-template.tsx","statementMap":{"0":{"start":{"line":14,"column":28},"end":{"line":25,"column":null}},"1":{"start":{"line":27,"column":24},"end":{"line":30,"column":null}},"2":{"start":{"line":28,"column":2},"end":{"line":28,"column":null}},"3":{"start":{"line":28,"column":33},"end":{"line":28,"column":null}},"4":{"start":{"line":29,"column":2},"end":{"line":29,"column":null}},"5":{"start":{"line":32,"column":20},"end":{"line":36,"column":null}},"6":{"start":{"line":33,"column":23},"end":{"line":33,"column":null}},"7":{"start":{"line":35,"column":2},"end":{"line":35,"column":null}},"8":{"start":{"line":47,"column":13},"end":{"line":71,"column":null}},"9":{"start":{"line":48,"column":29},"end":{"line":48,"column":null}},"10":{"start":{"line":49,"column":2},"end":{"line":69,"column":null}},"11":{"start":{"line":58,"column":10},"end":{"line":66,"column":null}}},"fnMap":{"0":{"name":"(anonymous_0)","decl":{"start":{"line":27,"column":24},"end":{"line":27,"column":25}},"loc":{"start":{"line":27,"column":64},"end":{"line":30,"column":null}},"line":27},"1":{"name":"(anonymous_1)","decl":{"start":{"line":32,"column":20},"end":{"line":32,"column":21}},"loc":{"start":{"line":32,"column":42},"end":{"line":36,"column":null}},"line":32},"2":{"name":"memoized","decl":{"start":{"line":47,"column":47},"end":{"line":47,"column":59}},"loc":{"start":{"line":47,"column":90},"end":{"line":71,"column":1}},"line":47},"3":{"name":"(anonymous_3)","decl":{"start":{"line":57,"column":30},"end":{"line":57,"column":31}},"loc":{"start":{"line":58,"column":10},"end":{"line":66,"column":null}},"line":58}},"branchMap":{"0":{"loc":{"start":{"line":28,"column":2},"end":{"line":28,"column":null}},"type":"if","locations":[{"start":{"line":28,"column":2},"end":{"line":28,"column":null}},{"start":{},"end":{}}],"line":28},"1":{"loc":{"start":{"line":48,"column":29},"end":{"line":48,"column":null}},"type":"binary-expr","locations":[{"start":{"line":48,"column":29},"end":{"line":48,"column":53}},{"start":{"line":48,"column":53},"end":{"line":48,"column":null}}],"line":48}},"s":{"0":0,"1":0,"2":0,"3":0,"4":0,"5":0,"6":0,"7":0,"8":0,"9":0,"10":0,"11":0},"f":{"0":0,"1":0,"2":0,"3":0},"b":{"0":[0,0],"1":[0,0]},"meta":{"lastBranch":2,"lastFunction":4,"lastStatement":12,"seen":{"s:14:28:25:Infinity":0,"s:27:24:30:Infinity":1,"f:27:24:27:25":0,"b:28:2:28:Infinity:undefined:undefined:undefined:undefined":0,"s:28:2:28:Infinity":2,"s:28:33:28:Infinity":3,"s:29:2:29:Infinity":4,"s:32:20:36:Infinity":5,"f:32:20:32:21":1,"s:33:23:33:Infinity":6,"s:35:2:35:Infinity":7,"s:47:13:71:Infinity":8,"f:47:47:47:59":2,"s:48:29:48:Infinity":9,"b:48:29:48:53:48:53:48:Infinity":1,"s:49:2:69:Infinity":10,"f:57:30:57:31":3,"s:58:10:66:Infinity":11}}}
,"C:\\my_dev\\repositories\\react-19-starter\\src\\components\\chart\\x-axis.component.tsx": {"path":"C:\\my_dev\\repositories\\react-19-starter\\src\\components\\chart\\x-axis.component.tsx","statementMap":{"0":{"start":{"line":4,"column":29},"end":{"line":20,"column":null}},"1":{"start":{"line":5,"column":2},"end":{"line":18,"column":null}}},"fnMap":{"0":{"name":"(anonymous_0)","decl":{"start":{"line":4,"column":29},"end":{"line":4,"column":30}},"loc":{"start":{"line":4,"column":52},"end":{"line":20,"column":null}},"line":4}},"branchMap":{},"s":{"0":0,"1":0},"f":{"0":0},"b":{},"meta":{"lastBranch":0,"lastFunction":1,"lastStatement":2,"seen":{"s:4:29:20:Infinity":0,"f:4:29:4:30":0,"s:5:2:18:Infinity":1}}}
,"C:\\my_dev\\repositories\\react-19-starter\\src\\components\\chart\\y-axis.component.tsx": {"path":"C:\\my_dev\\repositories\\react-19-starter\\src\\components\\chart\\y-axis.component.tsx","statementMap":{"0":{"start":{"line":4,"column":29},"end":{"line":6,"column":null}},"1":{"start":{"line":5,"column":2},"end":{"line":5,"column":null}}},"fnMap":{"0":{"name":"(anonymous_0)","decl":{"start":{"line":4,"column":29},"end":{"line":4,"column":30}},"loc":{"start":{"line":4,"column":52},"end":{"line":6,"column":null}},"line":4}},"branchMap":{},"s":{"0":0,"1":0},"f":{"0":0},"b":{},"meta":{"lastBranch":0,"lastFunction":1,"lastStatement":2,"seen":{"s:4:29:6:Infinity":0,"f:4:29:4:30":0,"s:5:2:5:Infinity":1}}}
,"C:\\my_dev\\repositories\\react-19-starter\\src\\components\\input\\index.tsx": {"path":"C:\\my_dev\\repositories\\react-19-starter\\src\\components\\input\\index.tsx","statementMap":{"0":{"start":{"line":3,"column":18},"end":{"line":17,"column":null}},"1":{"start":{"line":3,"column":19},"end":{"line":17,"column":null}},"2":{"start":{"line":19,"column":21},"end":{"line":54,"column":null}},"3":{"start":{"line":20,"column":40},"end":{"line":20,"column":null}},"4":{"start":{"line":21,"column":2},"end":{"line":52,"column":null}},"5":{"start":{"line":56,"column":22},"end":{"line":102,"column":null}},"6":{"start":{"line":59,"column":49},"end":{"line":59,"column":null}},"7":{"start":{"line":60,"column":2},"end":{"line":100,"column":null}},"8":{"start":{"line":95,"column":10},"end":{"line":97,"column":null}}},"fnMap":{"0":{"name":"(anonymous_0)","decl":{"start":{"line":3,"column":18},"end":{"line":3,"column":19}},"loc":{"start":{"line":3,"column":19},"end":{"line":17,"column":null}},"line":3},"1":{"name":"(anonymous_1)","decl":{"start":{"line":19,"column":21},"end":{"line":19,"column":22}},"loc":{"start":{"line":19,"column":97},"end":{"line":54,"column":null}},"line":19},"2":{"name":"(anonymous_2)","decl":{"start":{"line":56,"column":22},"end":{"line":56,"column":null}},"loc":{"start":{"line":58,"column":5},"end":{"line":102,"column":null}},"line":58},"3":{"name":"(anonymous_3)","decl":{"start":{"line":94,"column":21},"end":{"line":94,"column":22}},"loc":{"start":{"line":95,"column":10},"end":{"line":97,"column":null}},"line":95}},"branchMap":{},"s":{"0":0,"1":0,"2":0,"3":0,"4":0,"5":0,"6":0,"7":0,"8":0},"f":{"0":0,"1":0,"2":0,"3":0},"b":{},"meta":{"lastBranch":0,"lastFunction":4,"lastStatement":9,"seen":{"s:3:18:17:Infinity":0,"f:3:18:3:19":0,"s:3:19:17:Infinity":1,"s:19:21:54:Infinity":2,"f:19:21:19:22":1,"s:20:40:20:Infinity":3,"s:21:2:52:Infinity":4,"s:56:22:102:Infinity":5,"f:56:22:56:Infinity":2,"s:59:49:59:Infinity":6,"s:60:2:100:Infinity":7,"f:94:21:94:22":3,"s:95:10:97:Infinity":8}}}
,"C:\\my_dev\\repositories\\react-19-starter\\src\\components\\modal\\index.tsx": {"path":"C:\\my_dev\\repositories\\react-19-starter\\src\\components\\modal\\index.tsx","statementMap":{"0":{"start":{"line":5,"column":21},"end":{"line":41,"column":null}},"1":{"start":{"line":6,"column":2},"end":{"line":6,"column":null}},"2":{"start":{"line":6,"column":15},"end":{"line":6,"column":null}},"3":{"start":{"line":7,"column":2},"end":{"line":39,"column":null}}},"fnMap":{"0":{"name":"(anonymous_0)","decl":{"start":{"line":5,"column":21},"end":{"line":5,"column":22}},"loc":{"start":{"line":5,"column":118},"end":{"line":41,"column":null}},"line":5}},"branchMap":{"0":{"loc":{"start":{"line":6,"column":2},"end":{"line":6,"column":null}},"type":"if","locations":[{"start":{"line":6,"column":2},"end":{"line":6,"column":null}},{"start":{},"end":{}}],"line":6}},"s":{"0":0,"1":0,"2":0,"3":0},"f":{"0":0},"b":{"0":[0,0]},"meta":{"lastBranch":1,"lastFunction":1,"lastStatement":4,"seen":{"s:5:21:41:Infinity":0,"f:5:21:5:22":0,"b:6:2:6:Infinity:undefined:undefined:undefined:undefined":0,"s:6:2:6:Infinity":1,"s:6:15:6:Infinity":2,"s:7:2:39:Infinity":3}}}
,"C:\\my_dev\\repositories\\react-19-starter\\src\\components\\modal\\modal-title.tsx": {"path":"C:\\my_dev\\repositories\\react-19-starter\\src\\components\\modal\\modal-title.tsx","statementMap":{"0":{"start":{"line":3,"column":26},"end":{"line":4,"column":null}},"1":{"start":{"line":4,"column":2},"end":{"line":4,"column":null}}},"fnMap":{"0":{"name":"(anonymous_0)","decl":{"start":{"line":3,"column":26},"end":{"line":3,"column":27}},"loc":{"start":{"line":4,"column":2},"end":{"line":4,"column":null}},"line":4}},"branchMap":{},"s":{"0":0,"1":0},"f":{"0":0},"b":{},"meta":{"lastBranch":0,"lastFunction":1,"lastStatement":2,"seen":{"s:3:26:4:Infinity":0,"f:3:26:3:27":0,"s:4:2:4:Infinity":1}}}
,"C:\\my_dev\\repositories\\react-19-starter\\src\\components\\spinner\\index.tsx": {"path":"C:\\my_dev\\repositories\\react-19-starter\\src\\components\\spinner\\index.tsx","statementMap":{"0":{"start":{"line":3,"column":23},"end":{"line":15,"column":null}},"1":{"start":{"line":4,"column":2},"end":{"line":15,"column":null}}},"fnMap":{"0":{"name":"(anonymous_0)","decl":{"start":{"line":3,"column":23},"end":{"line":3,"column":24}},"loc":{"start":{"line":4,"column":2},"end":{"line":15,"column":null}},"line":4}},"branchMap":{},"s":{"0":0,"1":0},"f":{"0":0},"b":{},"meta":{"lastBranch":0,"lastFunction":1,"lastStatement":2,"seen":{"s:3:23:15:Infinity":0,"f:3:23:3:24":0,"s:4:2:15:Infinity":1}}}
,"C:\\my_dev\\repositories\\react-19-starter\\src\\components\\table\\index.tsx": {"path":"C:\\my_dev\\repositories\\react-19-starter\\src\\components\\table\\index.tsx","statementMap":{"0":{"start":{"line":13,"column":11},"end":{"line":14,"column":null}},"1":{"start":{"line":14,"column":2},"end":{"line":14,"column":null}},"2":{"start":{"line":17,"column":11},"end":{"line":18,"column":null}},"3":{"start":{"line":18,"column":2},"end":{"line":18,"column":null}},"4":{"start":{"line":21,"column":21},"end":{"line":101,"column":null}},"5":{"start":{"line":34,"column":21},"end":{"line":34,"column":null}},"6":{"start":{"line":35,"column":36},"end":{"line":35,"column":null}},"7":{"start":{"line":36,"column":8},"end":{"line":36,"column":null}},"8":{"start":{"line":36,"column":39},"end":{"line":36,"column":82}},"9":{"start":{"line":36,"column":61},"end":{"line":36,"column":79}},"10":{"start":{"line":37,"column":8},"end":{"line":37,"column":null}},"11":{"start":{"line":37,"column":39},"end":{"line":37,"column":91}},"12":{"start":{"line":37,"column":61},"end":{"line":37,"column":88}},"13":{"start":{"line":39,"column":8},"end":{"line":44,"column":null}},"14":{"start":{"line":40,"column":4},"end":{"line":40,"column":null}},"15":{"start":{"line":40,"column":19},"end":{"line":40,"column":null}},"16":{"start":{"line":41,"column":10},"end":{"line":41,"column":null}},"17":{"start":{"line":42,"column":16},"end":{"line":42,"column":null}},"18":{"start":{"line":43,"column":4},"end":{"line":43,"column":null}},"19":{"start":{"line":46,"column":17},"end":{"line":64,"column":null}},"20":{"start":{"line":47,"column":16},"end":{"line":51,"column":null}},"21":{"start":{"line":48,"column":6},"end":{"line":50,"column":null}},"22":{"start":{"line":53,"column":16},"end":{"line":61,"column":null}},"23":{"start":{"line":54,"column":6},"end":{"line":60,"column":null}},"24":{"start":{"line":56,"column":10},"end":{"line":58,"column":null}},"25":{"start":{"line":63,"column":4},"end":{"line":63,"column":null}},"26":{"start":{"line":66,"column":2},"end":{"line":99,"column":null}},"27":{"start":{"line":93,"column":33},"end":{"line":93,"column":35}},"28":{"start":{"line":95,"column":34},"end":{"line":95,"column":36}}},"fnMap":{"0":{"name":"(anonymous_0)","decl":{"start":{"line":13,"column":11},"end":{"line":13,"column":12}},"loc":{"start":{"line":14,"column":2},"end":{"line":14,"column":null}},"line":14},"1":{"name":"(anonymous_1)","decl":{"start":{"line":17,"column":11},"end":{"line":17,"column":12}},"loc":{"start":{"line":18,"column":2},"end":{"line":18,"column":null}},"line":18},"2":{"name":"(anonymous_2)","decl":{"start":{"line":21,"column":21},"end":{"line":21,"column":26}},"loc":{"start":{"line":33,"column":6},"end":{"line":101,"column":null}},"line":33},"3":{"name":"(anonymous_3)","decl":{"start":{"line":36,"column":33},"end":{"line":36,"column":39}},"loc":{"start":{"line":36,"column":39},"end":{"line":36,"column":82}},"line":36},"4":{"name":"(anonymous_4)","decl":{"start":{"line":36,"column":54},"end":{"line":36,"column":55}},"loc":{"start":{"line":36,"column":61},"end":{"line":36,"column":79}},"line":36},"5":{"name":"(anonymous_5)","decl":{"start":{"line":37,"column":33},"end":{"line":37,"column":39}},"loc":{"start":{"line":37,"column":39},"end":{"line":37,"column":91}},"line":37},"6":{"name":"(anonymous_6)","decl":{"start":{"line":37,"column":54},"end":{"line":37,"column":55}},"loc":{"start":{"line":37,"column":61},"end":{"line":37,"column":88}},"line":37},"7":{"name":"(anonymous_7)","decl":{"start":{"line":39,"column":32},"end":{"line":39,"column":38}},"loc":{"start":{"line":39,"column":38},"end":{"line":44,"column":5}},"line":39},"8":{"name":"(anonymous_8)","decl":{"start":{"line":46,"column":29},"end":{"line":46,"column":35}},"loc":{"start":{"line":46,"column":35},"end":{"line":64,"column":5}},"line":46},"9":{"name":"(anonymous_9)","decl":{"start":{"line":47,"column":27},"end":{"line":47,"column":28}},"loc":{"start":{"line":48,"column":6},"end":{"line":50,"column":null}},"line":48},"10":{"name":"(anonymous_10)","decl":{"start":{"line":53,"column":34},"end":{"line":53,"column":35}},"loc":{"start":{"line":54,"column":6},"end":{"line":60,"column":null}},"line":54},"11":{"name":"(anonymous_11)","decl":{"start":{"line":55,"column":20},"end":{"line":55,"column":21}},"loc":{"start":{"line":56,"column":10},"end":{"line":58,"column":null}},"line":56},"12":{"name":"(anonymous_12)","decl":{"start":{"line":93,"column":25},"end":{"line":93,"column":26}},"loc":{"start":{"line":93,"column":33},"end":{"line":93,"column":35}},"line":93},"13":{"name":"(anonymous_13)","decl":{"start":{"line":95,"column":26},"end":{"line":95,"column":27}},"loc":{"start":{"line":95,"column":34},"end":{"line":95,"column":36}},"line":95}},"branchMap":{"0":{"loc":{"start":{"line":18,"column":22},"end":{"line":18,"column":51}},"type":"binary-expr","locations":[{"start":{"line":18,"column":22},"end":{"line":18,"column":27}},{"start":{"line":18,"column":27},"end":{"line":18,"column":51}}],"line":18},"1":{"loc":{"start":{"line":34,"column":21},"end":{"line":34,"column":null}},"type":"cond-expr","locations":[{"start":{"line":34,"column":32},"end":{"line":34,"column":62}},{"start":{"line":34,"column":62},"end":{"line":34,"column":null}}],"line":34},"2":{"loc":{"start":{"line":40,"column":4},"end":{"line":40,"column":null}},"type":"if","locations":[{"start":{"line":40,"column":4},"end":{"line":40,"column":null}},{"start":{},"end":{}}],"line":40},"3":{"loc":{"start":{"line":69,"column":9},"end":{"line":89,"column":null}},"type":"binary-expr","locations":[{"start":{"line":69,"column":9},"end":{"line":69,"column":21}},{"start":{"line":69,"column":21},"end":{"line":69,"column":null}},{"start":{"line":70,"column":10},"end":{"line":89,"column":null}}],"line":69}},"s":{"0":0,"1":0,"2":0,"3":0,"4":0,"5":0,"6":0,"7":0,"8":0,"9":0,"10":0,"11":0,"12":0,"13":0,"14":0,"15":0,"16":0,"17":0,"18":0,"19":0,"20":0,"21":0,"22":0,"23":0,"24":0,"25":0,"26":0,"27":0,"28":0},"f":{"0":0,"1":0,"2":0,"3":0,"4":0,"5":0,"6":0,"7":0,"8":0,"9":0,"10":0,"11":0,"12":0,"13":0},"b":{"0":[0,0],"1":[0,0],"2":[0,0],"3":[0,0,0]},"meta":{"lastBranch":4,"lastFunction":14,"lastStatement":29,"seen":{"s:13:11:14:Infinity":0,"f:13:11:13:12":0,"s:14:2:14:Infinity":1,"s:17:11:18:Infinity":2,"f:17:11:17:12":1,"s:18:2:18:Infinity":3,"b:18:22:18:27:18:27:18:51":0,"s:21:21:101:Infinity":4,"f:21:21:21:26":2,"s:34:21:34:Infinity":5,"b:34:32:34:62:34:62:34:Infinity":1,"s:35:36:35:Infinity":6,"s:36:8:36:Infinity":7,"f:36:33:36:39":3,"s:36:39:36:82":8,"f:36:54:36:55":4,"s:36:61:36:79":9,"s:37:8:37:Infinity":10,"f:37:33:37:39":5,"s:37:39:37:91":11,"f:37:54:37:55":6,"s:37:61:37:88":12,"s:39:8:44:Infinity":13,"f:39:32:39:38":7,"b:40:4:40:Infinity:undefined:undefined:undefined:undefined":2,"s:40:4:40:Infinity":14,"s:40:19:40:Infinity":15,"s:41:10:41:Infinity":16,"s:42:16:42:Infinity":17,"s:43:4:43:Infinity":18,"s:46:17:64:Infinity":19,"f:46:29:46:35":8,"s:47:16:51:Infinity":20,"f:47:27:47:28":9,"s:48:6:50:Infinity":21,"s:53:16:61:Infinity":22,"f:53:34:53:35":10,"s:54:6:60:Infinity":23,"f:55:20:55:21":11,"s:56:10:58:Infinity":24,"s:63:4:63:Infinity":25,"s:66:2:99:Infinity":26,"b:69:9:69:21:69:21:69:Infinity:70:10:89:Infinity":3,"f:93:25:93:26":12,"s:93:33:93:35":27,"f:95:26:95:27":13,"s:95:34:95:36":28}}}
,"C:\\my_dev\\repositories\\react-19-starter\\src\\helpers\\api-factory.ts": {"path":"C:\\my_dev\\repositories\\react-19-starter\\src\\helpers\\api-factory.ts","statementMap":{"0":{"start":{"line":5,"column":6},"end":{"line":5,"column":null}},"1":{"start":{"line":6,"column":6},"end":{"line":6,"column":null}},"2":{"start":{"line":8,"column":31},"end":{"line":8,"column":null}}},"fnMap":{},"branchMap":{},"s":{"0":0,"1":0,"2":0},"f":{},"b":{},"meta":{"lastBranch":0,"lastFunction":0,"lastStatement":3,"seen":{"s:5:6:5:Infinity":0,"s:6:6:6:Infinity":1,"s:8:31:8:Infinity":2}}}
,"C:\\my_dev\\repositories\\react-19-starter\\src\\helpers\\canvas.helpers.ts": {"path":"C:\\my_dev\\repositories\\react-19-starter\\src\\helpers\\canvas.helpers.ts","statementMap":{"0":{"start":{"line":22,"column":26},"end":{"line":41,"column":null}},"1":{"start":{"line":25,"column":19},"end":{"line":28,"column":null}},"2":{"start":{"line":26,"column":29},"end":{"line":26,"column":32}},"3":{"start":{"line":27,"column":29},"end":{"line":27,"column":32}},"4":{"start":{"line":30,"column":32},"end":{"line":30,"column":null}},"5":{"start":{"line":30,"column":47},"end":{"line":30,"column":null}},"6":{"start":{"line":31,"column":32},"end":{"line":31,"column":null}},"7":{"start":{"line":31,"column":47},"end":{"line":31,"column":null}},"8":{"start":{"line":34,"column":34},"end":{"line":34,"column":null}},"9":{"start":{"line":34,"column":48},"end":{"line":34,"column":null}},"10":{"start":{"line":37,"column":17},"end":{"line":37,"column":null}},"11":{"start":{"line":37,"column":47},"end":{"line":37,"column":73}},"12":{"start":{"line":39,"column":28},"end":{"line":39,"column":null}},"13":{"start":{"line":40,"column":2},"end":{"line":40,"column":null}}},"fnMap":{"0":{"name":"(anonymous_0)","decl":{"start":{"line":22,"column":26},"end":{"line":22,"column":27}},"loc":{"start":{"line":22,"column":86},"end":{"line":41,"column":null}},"line":22},"1":{"name":"(anonymous_1)","decl":{"start":{"line":26,"column":23},"end":{"line":26,"column":29}},"loc":{"start":{"line":26,"column":29},"end":{"line":26,"column":32}},"line":26},"2":{"name":"(anonymous_2)","decl":{"start":{"line":27,"column":23},"end":{"line":27,"column":29}},"loc":{"start":{"line":27,"column":29},"end":{"line":27,"column":32}},"line":27},"3":{"name":"(anonymous_3)","decl":{"start":{"line":30,"column":32},"end":{"line":30,"column":33}},"loc":{"start":{"line":30,"column":47},"end":{"line":30,"column":null}},"line":30},"4":{"name":"(anonymous_4)","decl":{"start":{"line":31,"column":32},"end":{"line":31,"column":33}},"loc":{"start":{"line":31,"column":47},"end":{"line":31,"column":null}},"line":31},"5":{"name":"(anonymous_5)","decl":{"start":{"line":34,"column":34},"end":{"line":34,"column":35}},"loc":{"start":{"line":34,"column":48},"end":{"line":34,"column":null}},"line":34},"6":{"name":"(anonymous_6)","decl":{"start":{"line":37,"column":41},"end":{"line":37,"column":47}},"loc":{"start":{"line":37,"column":47},"end":{"line":37,"column":73}},"line":37}},"branchMap":{"0":{"loc":{"start":{"line":22,"column":44},"end":{"line":22,"column":86}},"type":"default-arg","locations":[{"start":{"line":22,"column":62},"end":{"line":22,"column":86}}],"line":22}},"s":{"0":1,"1":3,"2":7,"3":7,"4":3,"5":7,"6":3,"7":7,"8":3,"9":7,"10":3,"11":7,"12":3,"13":3},"f":{"0":3,"1":7,"2":7,"3":7,"4":7,"5":7,"6":7},"b":{"0":[3]},"meta":{"lastBranch":1,"lastFunction":7,"lastStatement":14,"seen":{"s:22:26:41:Infinity":0,"f:22:26:22:27":0,"b:22:62:22:86":0,"s:25:19:28:Infinity":1,"f:26:23:26:29":1,"s:26:29:26:32":2,"f:27:23:27:29":2,"s:27:29:27:32":3,"s:30:32:30:Infinity":4,"f:30:32:30:33":3,"s:30:47:30:Infinity":5,"s:31:32:31:Infinity":6,"f:31:32:31:33":4,"s:31:47:31:Infinity":7,"s:34:34:34:Infinity":8,"f:34:34:34:35":5,"s:34:48:34:Infinity":9,"s:37:17:37:Infinity":10,"f:37:41:37:47":6,"s:37:47:37:73":11,"s:39:28:39:Infinity":12,"s:40:2:40:Infinity":13}}}
,"C:\\my_dev\\repositories\\react-19-starter\\src\\helpers\\chart.helpers.ts": {"path":"C:\\my_dev\\repositories\\react-19-starter\\src\\helpers\\chart.helpers.ts","statementMap":{"0":{"start":{"line":5,"column":32},"end":{"line":20,"column":null}},"1":{"start":{"line":6,"column":8},"end":{"line":6,"column":null}},"2":{"start":{"line":7,"column":22},"end":{"line":7,"column":null}},"3":{"start":{"line":9,"column":36},"end":{"line":9,"column":null}},"4":{"start":{"line":10,"column":23},"end":{"line":10,"column":null}},"5":{"start":{"line":12,"column":2},"end":{"line":17,"column":null}},"6":{"start":{"line":13,"column":18},"end":{"line":13,"column":null}},"7":{"start":{"line":14,"column":18},"end":{"line":14,"column":null}},"8":{"start":{"line":15,"column":4},"end":{"line":15,"column":null}},"9":{"start":{"line":16,"column":4},"end":{"line":16,"column":null}},"10":{"start":{"line":19,"column":2},"end":{"line":19,"column":null}}},"fnMap":{"0":{"name":"(anonymous_0)","decl":{"start":{"line":5,"column":32},"end":{"line":5,"column":39}},"loc":{"start":{"line":5,"column":112},"end":{"line":20,"column":null}},"line":5}},"branchMap":{},"s":{"0":0,"1":0,"2":0,"3":0,"4":0,"5":0,"6":0,"7":0,"8":0,"9":0,"10":0},"f":{"0":0},"b":{},"meta":{"lastBranch":0,"lastFunction":1,"lastStatement":11,"seen":{"s:5:32:20:Infinity":0,"f:5:32:5:39":0,"s:6:8:6:Infinity":1,"s:7:22:7:Infinity":2,"s:9:36:9:Infinity":3,"s:10:23:10:Infinity":4,"s:12:2:17:Infinity":5,"s:13:18:13:Infinity":6,"s:14:18:14:Infinity":7,"s:15:4:15:Infinity":8,"s:16:4:16:Infinity":9,"s:19:2:19:Infinity":10}}}
,"C:\\my_dev\\repositories\\react-19-starter\\src\\helpers\\lazy-lazy.tsx": {"path":"C:\\my_dev\\repositories\\react-19-starter\\src\\helpers\\lazy-lazy.tsx","statementMap":{"0":{"start":{"line":31,"column":24},"end":{"line":42,"column":null}},"1":{"start":{"line":35,"column":8},"end":{"line":35,"column":null}},"2":{"start":{"line":36,"column":27},"end":{"line":39,"column":null}},"3":{"start":{"line":36,"column":27},"end":{"line":36,"column":null}},"4":{"start":{"line":37,"column":4},"end":{"line":39,"column":15}},"5":{"start":{"line":39,"column":15},"end":{"line":39,"column":null}},"6":{"start":{"line":39,"column":15},"end":{"line":37,"column":5}},"7":{"start":{"line":41,"column":2},"end":{"line":41,"column":null}},"8":{"start":{"line":74,"column":33},"end":{"line":86,"column":null}},"9":{"start":{"line":79,"column":8},"end":{"line":79,"column":null}},"10":{"start":{"line":80,"column":24},"end":{"line":83,"column":null}},"11":{"start":{"line":80,"column":24},"end":{"line":80,"column":null}},"12":{"start":{"line":81,"column":4},"end":{"line":83,"column":15}},"13":{"start":{"line":83,"column":15},"end":{"line":83,"column":null}},"14":{"start":{"line":83,"column":15},"end":{"line":81,"column":5}},"15":{"start":{"line":85,"column":2},"end":{"line":85,"column":null}}},"fnMap":{"0":{"name":"(anonymous_0)","decl":{"start":{"line":31,"column":24},"end":{"line":31,"column":null}},"loc":{"start":{"line":34,"column":12},"end":{"line":42,"column":null}},"line":34},"1":{"name":"(anonymous_1)","decl":{"start":{"line":36,"column":27},"end":{"line":36,"column":null}},"loc":{"start":{"line":36,"column":27},"end":{"line":39,"column":null}},"line":36},"2":{"name":"(anonymous_2)","decl":{"start":{"line":74,"column":33},"end":{"line":74,"column":null}},"loc":{"start":{"line":78,"column":9},"end":{"line":86,"column":null}},"line":78},"3":{"name":"(anonymous_3)","decl":{"start":{"line":80,"column":24},"end":{"line":80,"column":null}},"loc":{"start":{"line":80,"column":24},"end":{"line":83,"column":null}},"line":80}},"branchMap":{"0":{"loc":{"start":{"line":33,"column":2},"end":{"line":33,"column":null}},"type":"default-arg","locations":[{"start":{"line":33,"column":30},"end":{"line":33,"column":null}}],"line":33},"1":{"loc":{"start":{"line":36,"column":27},"end":{"line":39,"column":null}},"type":"if","locations":[{"start":{"line":36,"column":27},"end":{"line":39,"column":null}},{"start":{"line":39,"column":15},"end":{"line":39,"column":null}}],"line":36},"2":{"loc":{"start":{"line":77,"column":2},"end":{"line":77,"column":null}},"type":"default-arg","locations":[{"start":{"line":77,"column":30},"end":{"line":77,"column":null}}],"line":77},"3":{"loc":{"start":{"line":80,"column":24},"end":{"line":83,"column":null}},"type":"if","locations":[{"start":{"line":80,"column":24},"end":{"line":83,"column":null}},{"start":{"line":83,"column":15},"end":{"line":83,"column":null}}],"line":80}},"s":{"0":1,"1":2,"2":2,"3":2,"4":2,"5":0,"6":2,"7":2,"8":1,"9":2,"10":2,"11":2,"12":2,"13":0,"14":2,"15":2},"f":{"0":2,"1":2,"2":2,"3":2},"b":{"0":[2],"1":[2,0],"2":[2],"3":[2,0]},"meta":{"lastBranch":4,"lastFunction":4,"lastStatement":16,"seen":{"s:31:24:42:Infinity":0,"f:31:24:31:Infinity":0,"b:33:30:33:Infinity":0,"s:35:8:35:Infinity":1,"s:36:27:39:Infinity":2,"f:36:27:36:Infinity":1,"s:36:27:36:Infinity":3,"b:36:27:39:Infinity:39:15:39:Infinity":1,"s:37:4:39:15":4,"s:39:15:39:Infinity":5,"s:39:15:37:5":6,"s:41:2:41:Infinity":7,"s:74:33:86:Infinity":8,"f:74:33:74:Infinity":2,"b:77:30:77:Infinity":2,"s:79:8:79:Infinity":9,"s:80:24:83:Infinity":10,"f:80:24:80:Infinity":3,"s:80:24:80:Infinity":11,"b:80:24:83:Infinity:83:15:83:Infinity":3,"s:81:4:83:15":12,"s:83:15:83:Infinity":13,"s:83:15:81:5":14,"s:85:2:85:Infinity":15}}}
,"C:\\my_dev\\repositories\\react-19-starter\\src\\helpers\\number.ts": {"path":"C:\\my_dev\\repositories\\react-19-starter\\src\\helpers\\number.ts","statementMap":{"0":{"start":{"line":3,"column":26},"end":{"line":4,"column":null}},"1":{"start":{"line":4,"column":2},"end":{"line":4,"column":null}}},"fnMap":{"0":{"name":"(anonymous_0)","decl":{"start":{"line":3,"column":26},"end":{"line":3,"column":27}},"loc":{"start":{"line":4,"column":2},"end":{"line":4,"column":null}},"line":4}},"branchMap":{"0":{"loc":{"start":{"line":3,"column":27},"end":{"line":3,"column":null}},"type":"default-arg","locations":[{"start":{"line":3,"column":39},"end":{"line":3,"column":null}}],"line":3}},"s":{"0":0,"1":0},"f":{"0":0},"b":{"0":[0]},"meta":{"lastBranch":1,"lastFunction":1,"lastStatement":2,"seen":{"s:3:26:4:Infinity":0,"f:3:26:3:27":0,"s:4:2:4:Infinity":1,"b:3:39:3:Infinity":0}}}
,"C:\\my_dev\\repositories\\react-19-starter\\src\\helpers\\time.tsx": {"path":"C:\\my_dev\\repositories\\react-19-starter\\src\\helpers\\time.tsx","statementMap":{"0":{"start":{"line":3,"column":47},"end":{"line":7,"column":null}},"1":{"start":{"line":9,"column":22},"end":{"line":9,"column":null}},"2":{"start":{"line":11,"column":34},"end":{"line":17,"column":null}},"3":{"start":{"line":12,"column":33},"end":{"line":12,"column":null}},"4":{"start":{"line":14,"column":29},"end":{"line":14,"column":null}},"5":{"start":{"line":16,"column":2},"end":{"line":16,"column":null}}},"fnMap":{"0":{"name":"(anonymous_0)","decl":{"start":{"line":11,"column":34},"end":{"line":11,"column":35}},"loc":{"start":{"line":11,"column":82},"end":{"line":17,"column":null}},"line":11}},"branchMap":{"0":{"loc":{"start":{"line":11,"column":57},"end":{"line":11,"column":82}},"type":"default-arg","locations":[{"start":{"line":11,"column":67},"end":{"line":11,"column":82}}],"line":11}},"s":{"0":0,"1":0,"2":0,"3":0,"4":0,"5":0},"f":{"0":0},"b":{"0":[0]},"meta":{"lastBranch":1,"lastFunction":1,"lastStatement":6,"seen":{"s:3:47:7:Infinity":0,"s:9:22:9:Infinity":1,"s:11:34:17:Infinity":2,"f:11:34:11:35":0,"b:11:67:11:82":0,"s:12:33:12:Infinity":3,"s:14:29:14:Infinity":4,"s:16:2:16:Infinity":5}}}
,"C:\\my_dev\\repositories\\react-19-starter\\src\\hooks\\use-cookie-sync.ts": {"path":"C:\\my_dev\\repositories\\react-19-starter\\src\\hooks\\use-cookie-sync.ts","statementMap":{"0":{"start":{"line":33,"column":29},"end":{"line":66,"column":null}},"1":{"start":{"line":37,"column":26},"end":{"line":37,"column":null}},"2":{"start":{"line":39,"column":8},"end":{"line":39,"column":null}},"3":{"start":{"line":39,"column":49},"end":{"line":39,"column":104}},"4":{"start":{"line":41,"column":8},"end":{"line":51,"column":null}},"5":{"start":{"line":43,"column":6},"end":{"line":47,"column":null}},"6":{"start":{"line":44,"column":8},"end":{"line":47,"column":null}},"7":{"start":{"line":45,"column":10},"end":{"line":46,"column":null}},"8":{"start":{"line":45,"column":20},"end":{"line":45,"column":null}},"9":{"start":{"line":46,"column":15},"end":{"line":46,"column":null}},"10":{"start":{"line":48,"column":6},"end":{"line":48,"column":null}},"11":{"start":{"line":53,"column":8},"end":{"line":60,"column":null}},"12":{"start":{"line":54,"column":4},"end":{"line":58,"column":null}},"13":{"start":{"line":56,"column":13},"end":{"line":56,"column":null}},"14":{"start":{"line":57,"column":13},"end":{"line":57,"column":null}},"15":{"start":{"line":62,"column":2},"end":{"line":65,"column":null}},"16":{"start":{"line":63,"column":11},"end":{"line":63,"column":null}}},"fnMap":{"0":{"name":"(anonymous_0)","decl":{"start":{"line":33,"column":29},"end":{"line":33,"column":null}},"loc":{"start":{"line":36,"column":112},"end":{"line":66,"column":null}},"line":36},"1":{"name":"(anonymous_1)","decl":{"start":{"line":39,"column":43},"end":{"line":39,"column":49}},"loc":{"start":{"line":39,"column":49},"end":{"line":39,"column":104}},"line":39},"2":{"name":"(anonymous_2)","decl":{"start":{"line":42,"column":4},"end":{"line":42,"column":5}},"loc":{"start":{"line":42,"column":47},"end":{"line":49,"column":null}},"line":42},"3":{"name":"(anonymous_3)","decl":{"start":{"line":53,"column":37},"end":{"line":53,"column":43}},"loc":{"start":{"line":53,"column":43},"end":{"line":60,"column":5}},"line":53},"4":{"name":"(anonymous_4)","decl":{"start":{"line":56,"column":6},"end":{"line":56,"column":7}},"loc":{"start":{"line":56,"column":13},"end":{"line":56,"column":null}},"line":56},"5":{"name":"(anonymous_5)","decl":{"start":{"line":57,"column":6},"end":{"line":57,"column":7}},"loc":{"start":{"line":57,"column":13},"end":{"line":57,"column":null}},"line":57},"6":{"name":"(anonymous_6)","decl":{"start":{"line":63,"column":4},"end":{"line":63,"column":11}},"loc":{"start":{"line":63,"column":11},"end":{"line":63,"column":null}},"line":63}},"branchMap":{"0":{"loc":{"start":{"line":37,"column":40},"end":{"line":37,"column":74}},"type":"binary-expr","locations":[{"start":{"line":37,"column":40},"end":{"line":37,"column":53}},{"start":{"line":37,"column":53},"end":{"line":37,"column":74}}],"line":37},"1":{"loc":{"start":{"line":39,"column":88},"end":{"line":39,"column":100}},"type":"binary-expr","locations":[{"start":{"line":39,"column":88},"end":{"line":39,"column":98}},{"start":{"line":39,"column":98},"end":{"line":39,"column":100}}],"line":39},"2":{"loc":{"start":{"line":44,"column":8},"end":{"line":47,"column":null}},"type":"if","locations":[{"start":{"line":44,"column":8},"end":{"line":47,"column":null}},{"start":{},"end":{}}],"line":44},"3":{"loc":{"start":{"line":44,"column":13},"end":{"line":44,"column":57}},"type":"binary-expr","locations":[{"start":{"line":44,"column":13},"end":{"line":44,"column":48}},{"start":{"line":44,"column":48},"end":{"line":44,"column":57}}],"line":44},"4":{"loc":{"start":{"line":44,"column":57},"end":{"line":44,"column":70}},"type":"binary-expr","locations":[{"start":{"line":44,"column":57},"end":{"line":44,"column":65}},{"start":{"line":44,"column":65},"end":{"line":44,"column":70}}],"line":44},"5":{"loc":{"start":{"line":45,"column":10},"end":{"line":46,"column":null}},"type":"if","locations":[{"start":{"line":45,"column":10},"end":{"line":46,"column":null}},{"start":{"line":46,"column":15},"end":{"line":46,"column":null}}],"line":45},"6":{"loc":{"start":{"line":63,"column":11},"end":{"line":63,"column":null}},"type":"cond-expr","locations":[{"start":{"line":63,"column":24},"end":{"line":63,"column":71}},{"start":{"line":63,"column":71},"end":{"line":63,"column":null}}],"line":63}},"s":{"0":0,"1":0,"2":0,"3":0,"4":0,"5":0,"6":0,"7":0,"8":0,"9":0,"10":0,"11":0,"12":0,"13":0,"14":0,"15":0,"16":0},"f":{"0":0,"1":0,"2":0,"3":0,"4":0,"5":0,"6":0},"b":{"0":[0,0],"1":[0,0],"2":[0,0],"3":[0,0],"4":[0,0],"5":[0,0],"6":[0,0]},"meta":{"lastBranch":7,"lastFunction":7,"lastStatement":17,"seen":{"s:33:29:66:Infinity":0,"f:33:29:33:Infinity":0,"s:37:26:37:Infinity":1,"b:37:40:37:53:37:53:37:74":0,"s:39:8:39:Infinity":2,"f:39:43:39:49":1,"s:39:49:39:104":3,"b:39:88:39:98:39:98:39:100":1,"s:41:8:51:Infinity":4,"f:42:4:42:5":2,"s:43:6:47:Infinity":5,"b:44:8:47:Infinity:undefined:undefined:undefined:undefined":2,"s:44:8:47:Infinity":6,"b:44:13:44:48:44:48:44:57":3,"b:44:57:44:65:44:65:44:70":4,"b:45:10:46:Infinity:46:15:46:Infinity":5,"s:45:10:46:Infinity":7,"s:45:20:45:Infinity":8,"s:46:15:46:Infinity":9,"s:48:6:48:Infinity":10,"s:53:8:60:Infinity":11,"f:53:37:53:43":3,"s:54:4:58:Infinity":12,"f:56:6:56:7":4,"s:56:13:56:Infinity":13,"f:57:6:57:7":5,"s:57:13:57:Infinity":14,"s:62:2:65:Infinity":15,"f:63:4:63:11":6,"s:63:11:63:Infinity":16,"b:63:24:63:71:63:71:63:Infinity":6}}}
,"C:\\my_dev\\repositories\\react-19-starter\\src\\hooks\\use-date-time-factory.ts": {"path":"C:\\my_dev\\repositories\\react-19-starter\\src\\hooks\\use-date-time-factory.ts","statementMap":{"0":{"start":{"line":5,"column":34},"end":{"line":9,"column":null}},"1":{"start":{"line":5,"column":34},"end":{"line":5,"column":null}},"2":{"start":{"line":5,"column":34},"end":{"line":7,"column":47}},"3":{"start":{"line":7,"column":29},"end":{"line":7,"column":46}},"4":{"start":{"line":7,"column":46},"end":{"line":7,"column":47}},"5":{"start":{"line":7,"column":29},"end":{"line":7,"column":43}},"6":{"start":{"line":7,"column":47},"end":{"line":8,"column":66}},"7":{"start":{"line":8,"column":38},"end":{"line":8,"column":65}},"8":{"start":{"line":8,"column":65},"end":{"line":8,"column":66}},"9":{"start":{"line":8,"column":38},"end":{"line":8,"column":62}},"10":{"start":{"line":8,"column":66},"end":{"line":9,"column":76}},"11":{"start":{"line":9,"column":11},"end":{"line":9,"column":75}},"12":{"start":{"line":9,"column":75},"end":{"line":9,"column":76}},"13":{"start":{"line":9,"column":75},"end":{"line":9,"column":11}}},"fnMap":{"0":{"name":"(anonymous_0)","decl":{"start":{"line":5,"column":34},"end":{"line":5,"column":null}},"loc":{"start":{"line":5,"column":34},"end":{"line":9,"column":null}},"line":5}},"branchMap":{"0":{"loc":{"start":{"line":5,"column":34},"end":{"line":7,"column":47}},"type":"if","locations":[{"start":{"line":5,"column":34},"end":{"line":7,"column":47}},{"start":{"line":7,"column":46},"end":{"line":7,"column":47}}],"line":5},"1":{"loc":{"start":{"line":7,"column":47},"end":{"line":8,"column":66}},"type":"if","locations":[{"start":{"line":7,"column":47},"end":{"line":8,"column":66}},{"start":{"line":8,"column":65},"end":{"line":8,"column":66}}],"line":7},"2":{"loc":{"start":{"line":8,"column":66},"end":{"line":9,"column":76}},"type":"if","locations":[{"start":{"line":8,"column":66},"end":{"line":9,"column":76}},{"start":{"line":9,"column":75},"end":{"line":9,"column":76}}],"line":8},"3":{"loc":{"start":{"line":8,"column":66},"end":{"line":8,"column":null}},"type":"binary-expr","locations":[{"start":{"line":8,"column":66},"end":{"line":8,"column":null}},{"start":{"line":8,"column":66},"end":{"line":8,"column":null}},{"start":{"line":8,"column":66},"end":{"line":8,"column":null}},{"start":{"line":8,"column":66},"end":{"line":8,"column":null}}],"line":8}},"s":{"0":1,"1":1,"2":1,"3":1,"4":0,"5":1,"6":1,"7":1,"8":0,"9":1,"10":1,"11":1,"12":0,"13":1},"f":{"0":1},"b":{"0":[1,0],"1":[1,0],"2":[1,0],"3":[1,0,0,0]},"meta":{"lastBranch":4,"lastFunction":1,"lastStatement":14,"seen":{"s:5:34:9:Infinity":0,"f:5:34:5:Infinity":0,"s:5:34:5:Infinity":1,"b:5:34:7:47:7:46:7:47":0,"s:5:34:7:47":2,"s:7:29:7:46":3,"s:7:46:7:47":4,"s:7:29:7:43":5,"b:7:47:8:66:8:65:8:66":1,"s:7:47:8:66":6,"s:8:38:8:65":7,"s:8:65:8:66":8,"s:8:38:8:62":9,"b:8:66:9:76:9:75:9:76":2,"s:8:66:9:76":10,"b:8:66:8:Infinity:8:66:8:Infinity:8:66:8:Infinity:8:66:8:Infinity":3,"s:9:11:9:75":11,"s:9:75:9:76":12,"s:9:75:9:11":13}}}
[...]
:108},"10":{"name":"(anonymous_10)","decl":{"start":{"line":114,"column":4},"end":{"line":114,"column":5}},"loc":{"start":{"line":114,"column":49},"end":{"line":116,"column":null}},"line":114},"11":{"name":"(anonymous_11)","decl":{"start":{"line":157,"column":40},"end":{"line":157,"column":46}},"loc":{"start":{"line":157,"column":46},"end":{"line":203,"column":null}},"line":157},"12":{"name":"(anonymous_12)","decl":{"start":{"line":170,"column":28},"end":{"line":170,"column":34}},"loc":{"start":{"line":170,"column":34},"end":{"line":174,"column":5}},"line":170},"13":{"name":"(anonymous_13)","decl":{"start":{"line":172,"column":27},"end":{"line":172,"column":28}},"loc":{"start":{"line":172,"column":34},"end":{"line":172,"column":95}},"line":172}},"branchMap":{"0":{"loc":{"start":{"line":24,"column":12},"end":{"line":24,"column":null}},"type":"cond-expr","locations":[{"start":{"line":24,"column":38},"end":{"line":24,"column":43}},{"start":{"line":24,"column":43},"end":{"line":24,"column":null}}],"line":24},"1":{"loc":{"start":{"line":47,"column":9},"end":{"line":50,"column":null}},"type":"cond-expr","locations":[{"start":{"line":48,"column":10},"end":{"line":48,"column":null}},{"start":{"line":50,"column":10},"end":{"line":50,"column":null}}],"line":47},"2":{"loc":{"start":{"line":87,"column":29},"end":{"line":87,"column":88}},"type":"cond-expr","locations":[{"start":{"line":87,"column":53},"end":{"line":87,"column":72}},{"start":{"line":87,"column":72},"end":{"line":87,"column":88}}],"line":87},"3":{"loc":{"start":{"line":108,"column":10},"end":{"line":108,"column":null}},"type":"binary-expr","locations":[{"start":{"line":108,"column":10},"end":{"line":108,"column":102}},{"start":{"line":108,"column":102},"end":{"line":108,"column":null}}],"line":108},"4":{"loc":{"start":{"line":133,"column":7},"end":{"line":151,"column":null}},"type":"binary-expr","locations":[{"start":{"line":133,"column":7},"end":{"line":133,"column":null}},{"start":{"line":134,"column":8},"end":{"line":151,"column":null}}],"line":133},"5":{"loc":{"start":{"line":144,"column":12},"end":{"line":144,"column":null}},"type":"binary-expr","locations":[{"start":{"line":144,"column":12},"end":{"line":144,"column":35}},{"start":{"line":144,"column":35},"end":{"line":144,"column":null}}],"line":144},"6":{"loc":{"start":{"line":145,"column":12},"end":{"line":145,"column":null}},"type":"binary-expr","locations":[{"start":{"line":145,"column":12},"end":{"line":145,"column":33}},{"start":{"line":145,"column":33},"end":{"line":145,"column":null}}],"line":145},"7":{"loc":{"start":{"line":146,"column":12},"end":{"line":146,"column":null}},"type":"binary-expr","locations":[{"start":{"line":146,"column":12},"end":{"line":146,"column":33}},{"start":{"line":146,"column":33},"end":{"line":146,"column":null}}],"line":146},"8":{"loc":{"start":{"line":149,"column":37},"end":{"line":149,"column":88}},"type":"cond-expr","locations":[{"start":{"line":149,"column":55},"end":{"line":149,"column":61}},{"start":{"line":149,"column":61},"end":{"line":149,"column":88}}],"line":149},"9":{"loc":{"start":{"line":150,"column":48},"end":{"line":150,"column":102}},"type":"cond-expr","locations":[{"start":{"line":150,"column":70},"end":{"line":150,"column":76}},{"start":{"line":150,"column":70},"end":{"line":150,"column":102}}],"line":150},"10":{"loc":{"start":{"line":166,"column":47},"end":{"line":166,"column":65}},"type":"binary-expr","locations":[{"start":{"line":166,"column":47},"end":{"line":166,"column":63}},{"start":{"line":166,"column":63},"end":{"line":166,"column":65}}],"line":166},"11":{"loc":{"start":{"line":172,"column":6},"end":{"line":172,"column":null}},"type":"binary-expr","locations":[{"start":{"line":172,"column":6},"end":{"line":172,"column":113}},{"start":{"line":172,"column":113},"end":{"line":172,"column":null}}],"line":172},"12":{"loc":{"start":{"line":172,"column":34},"end":{"line":172,"column":95}},"type":"binary-expr","locations":[{"start":{"line":172,"column":34},"end":{"line":172,"column":64}},{"start":{"line":172,"column":64},"end":{"line":172,"column":95}}],"line":172},"13":{"loc":{"start":{"line":176,"column":2},"end":{"line":176,"column":null}},"type":"if","locations":[{"start":{"line":176,"column":2},"end":{"line":176,"column":null}},{"start":{},"end":{}}],"line":176},"14":{"loc":{"start":{"line":191,"column":9},"end":{"line":194,"column":null}},"type":"binary-expr","locations":[{"start":{"line":191,"column":9},"end":{"line":191,"column":null}},{"start":{"line":192,"column":10},"end":{"line":194,"column":null}}],"line":191},"15":{"loc":{"start":{"line":197,"column":9},"end":{"line":198,"column":null}},"type":"binary-expr","locations":[{"start":{"line":197,"column":9},"end":{"line":197,"column":24}},{"start":{"line":197,"column":24},"end":{"line":197,"column":null}},{"start":{"line":198,"column":10},"end":{"line":198,"column":null}}],"line":197}},"s":{"0":0,"1":0,"2":0,"3":0,"4":0,"5":0,"6":0,"7":0,"8":0,"9":0,"10":0,"11":0,"12":0,"13":0,"14":0,"15":0,"16":0,"17":0,"18":0,"19":0,"20":0,"21":0,"22":0,"23":0,"24":0,"25":0,"26":0,"27":0,"28":0,"29":0,"30":0},"f":{"0":0,"1":0,"2":0,"3":0,"4":0,"5":0,"6":0,"7":0,"8":0,"9":0,"10":0,"11":0,"12":0,"13":0},"b":{"0":[0,0],"1":[0,0],"2":[0,0],"3":[0,0],"4":[0,0],"5":[0,0],"6":[0,0],"7":[0,0],"8":[0,0],"9":[0,0],"10":[0,0],"11":[0,0],"12":[0,0],"13":[0,0],"14":[0,0],"15":[0,0,0]},"meta":{"lastBranch":16,"lastFunction":14,"lastStatement":31,"seen":{"s:22:23:31:Infinity":0,"f:22:23:22:24":0,"s:23:12:29:Infinity":1,"b:24:38:24:43:24:43:24:Infinity":0,"s:30:2:30:Infinity":2,"s:33:23:61:Infinity":3,"f:33:23:33:24":1,"s:34:2:59:Infinity":4,"b:48:10:48:Infinity:50:10:50:Infinity":1,"s:63:52:90:Infinity":5,"f:65:8:65:9":2,"s:65:15:65:Infinity":6,"f:69:8:69:9":3,"s:69:15:69:Infinity":7,"f:73:8:73:9":4,"s:74:32:74:Infinity":8,"s:75:6:78:Infinity":9,"f:84:8:84:9":5,"s:84:15:84:Infinity":10,"f:87:17:87:18":6,"s:87:18:87:Infinity":11,"b:87:53:87:72:87:72:87:88":2,"s:92:33:155:Infinity":12,"f:92:33:92:34":7,"s:103:8:111:Infinity":13,"f:104:4:104:10":8,"s:104:10:109:Infinity":14,"b:108:10:108:102:108:102:108:Infinity":3,"f:108:26:108:27":9,"s:108:34:108:97":15,"s:113:8:118:Infinity":16,"f:114:4:114:5":10,"s:115:6:115:Infinity":17,"s:120:2:153:Infinity":18,"b:133:7:133:Infinity:134:8:151:Infinity":4,"b:144:12:144:35:144:35:144:Infinity":5,"b:145:12:145:33:145:33:145:Infinity":6,"b:146:12:146:33:146:33:146:Infinity":7,"b:149:55:149:61:149:61:149:88":8,"b:150:70:150:76:150:70:150:102":9,"s:157:40:203:Infinity":19,"f:157:40:157:46":11,"s:158:8:158:Infinity":20,"s:164:2:164:Infinity":21,"s:165:27:165:Infinity":22,"s:166:8:166:Infinity":23,"b:166:47:166:63:166:63:166:65":10,"s:168:46:168:Infinity":24,"s:170:8:174:Infinity":25,"f:170:28:170:34":12,"s:171:4:172:Infinity":26,"b:172:6:172:113:172:113:172:Infinity":11,"f:172:27:172:28":13,"s:172:34:172:95":27,"b:172:34:172:64:172:64:172:95":12,"b:176:2:176:Infinity:undefined:undefined:undefined:undefined":13,"s:176:2:176:Infinity":28,"s:176:17:176:Infinity":29,"s:178:2:201:Infinity":30,"b:191:9:191:Infinity:192:10:194:Infinity":14,"b:197:9:197:24:197:24:197:Infinity:198:10:198:Infinity":15}}}
,"C:\\my_dev\\repositories\\react-19-starter\\src\\providers\\authentication-provider.tsx": {"path":"C:\\my_dev\\repositories\\react-19-starter\\src\\providers\\authentication-provider.tsx","statementMap":{"0":{"start":{"line":8,"column":31},"end":{"line":42,"column":null}},"1":{"start":{"line":9,"column":26},"end":{"line":9,"column":null}},"2":{"start":{"line":10,"column":20},"end":{"line":10,"column":null}},"3":{"start":{"line":11,"column":8},"end":{"line":13,"column":null}},"4":{"start":{"line":12,"column":4},"end":{"line":12,"column":null}},"5":{"start":{"line":15,"column":22},"end":{"line":15,"column":null}},"6":{"start":{"line":17,"column":8},"end":{"line":24,"column":null}},"7":{"start":{"line":18,"column":4},"end":{"line":23,"column":null}},"8":{"start":{"line":19,"column":6},"end":{"line":19,"column":null}},"9":{"start":{"line":20,"column":6},"end":{"line":20,"column":null}},"10":{"start":{"line":22,"column":6},"end":{"line":22,"column":null}},"11":{"start":{"line":26,"column":2},"end":{"line":26,"column":null}},"12":{"start":{"line":26,"column":36},"end":{"line":26,"column":null}},"13":{"start":{"line":28,"column":2},"end":{"line":40,"column":null}}},"fnMap":{"0":{"name":"(anonymous_0)","decl":{"start":{"line":8,"column":31},"end":{"line":8,"column":32}},"loc":{"start":{"line":8,"column":83},"end":{"line":42,"column":null}},"line":8},"1":{"name":"(anonymous_1)","decl":{"start":{"line":11,"column":34},"end":{"line":11,"column":35}},"loc":{"start":{"line":11,"column":78},"end":{"line":13,"column":5}},"line":11},"2":{"name":"(anonymous_2)","decl":{"start":{"line":17,"column":33},"end":{"line":17,"column":45}},"loc":{"start":{"line":17,"column":45},"end":{"line":24,"column":5}},"line":17}},"branchMap":{"0":{"loc":{"start":{"line":26,"column":2},"end":{"line":26,"column":null}},"type":"if","locations":[{"start":{"line":26,"column":2},"end":{"line":26,"column":null}},{"start":{},"end":{}}],"line":26},"1":{"loc":{"start":{"line":26,"column":6},"end":{"line":26,"column":36}},"type":"binary-expr","locations":[{"start":{"line":26,"column":6},"end":{"line":26,"column":16}},{"start":{"line":26,"column":16},"end":{"line":26,"column":36}}],"line":26}},"s":{"0":0,"1":0,"2":0,"3":0,"4":0,"5":0,"6":0,"7":0,"8":0,"9":0,"10":0,"11":0,"12":0,"13":0},"f":{"0":0,"1":0,"2":0},"b":{"0":[0,0],"1":[0,0]},"meta":{"lastBranch":2,"lastFunction":3,"lastStatement":14,"seen":{"s:8:31:42:Infinity":0,"f:8:31:8:32":0,"s:9:26:9:Infinity":1,"s:10:20:10:Infinity":2,"s:11:8:13:Infinity":3,"f:11:34:11:35":1,"s:12:4:12:Infinity":4,"s:15:22:15:Infinity":5,"s:17:8:24:Infinity":6,"f:17:33:17:45":2,"s:18:4:23:Infinity":7,"s:19:6:19:Infinity":8,"s:20:6:20:Infinity":9,"s:22:6:22:Infinity":10,"b:26:2:26:Infinity:undefined:undefined:undefined:undefined":0,"s:26:2:26:Infinity":11,"b:26:6:26:16:26:16:26:36":1,"s:26:36:26:Infinity":12,"s:28:2:40:Infinity":13}}}
,"C:\\my_dev\\repositories\\react-19-starter\\src\\routing\\pages-config.tsx": {"path":"C:\\my_dev\\repositories\\react-19-starter\\src\\routing\\pages-config.tsx","statementMap":{"0":{"start":{"line":8,"column":28},"end":{"line":29,"column":null}},"1":{"start":{"line":12,"column":21},"end":{"line":12,"column":null}},"2":{"start":{"line":17,"column":30},"end":{"line":17,"column":null}},"3":{"start":{"line":22,"column":30},"end":{"line":22,"column":null}},"4":{"start":{"line":27,"column":30},"end":{"line":27,"column":null}},"5":{"start":{"line":31,"column":6},"end":{"line":31,"column":null}},"6":{"start":{"line":37,"column":13},"end":{"line":45,"column":null}},"7":{"start":{"line":38,"column":8},"end":{"line":42,"column":null}},"8":{"start":{"line":40,"column":15},"end":{"line":40,"column":null}},"9":{"start":{"line":41,"column":12},"end":{"line":41,"column":null}},"10":{"start":{"line":43,"column":2},"end":{"line":43,"column":null}},"11":{"start":{"line":44,"column":2},"end":{"line":44,"column":null}}},"fnMap":{"0":{"name":"(anonymous_0)","decl":{"start":{"line":12,"column":15},"end":{"line":12,"column":21}},"loc":{"start":{"line":12,"column":21},"end":{"line":12,"column":null}},"line":12},"1":{"name":"(anonymous_1)","decl":{"start":{"line":17,"column":24},"end":{"line":17,"column":30}},"loc":{"start":{"line":17,"column":30},"end":{"line":17,"column":null}},"line":17},"2":{"name":"(anonymous_2)","decl":{"start":{"line":22,"column":24},"end":{"line":22,"column":30}},"loc":{"start":{"line":22,"column":30},"end":{"line":22,"column":null}},"line":22},"3":{"name":"(anonymous_3)","decl":{"start":{"line":27,"column":24},"end":{"line":27,"column":30}},"loc":{"start":{"line":27,"column":30},"end":{"line":27,"column":null}},"line":27},"4":{"name":"(anonymous_4)","decl":{"start":{"line":37,"column":79},"end":{"line":37,"column":85}},"loc":{"start":{"line":37,"column":85},"end":{"line":45,"column":3}},"line":37},"5":{"name":"(anonymous_5)","decl":{"start":{"line":40,"column":4},"end":{"line":40,"column":5}},"loc":{"start":{"line":40,"column":15},"end":{"line":40,"column":null}},"line":40},"6":{"name":"(anonymous_6)","decl":{"start":{"line":41,"column":4},"end":{"line":41,"column":5}},"loc":{"start":{"line":41,"column":12},"end":{"line":41,"column":null}},"line":41}},"branchMap":{},"s":{"0":0,"1":0,"2":0,"3":0,"4":0,"5":0,"6":0,"7":0,"8":0,"9":0,"10":0,"11":0},"f":{"0":0,"1":0,"2":0,"3":0,"4":0,"5":0,"6":0},"b":{},"meta":{"lastBranch":0,"lastFunction":7,"lastStatement":12,"seen":{"s:8:28:29:Infinity":0,"f:12:15:12:21":0,"s:12:21:12:Infinity":1,"f:17:24:17:30":1,"s:17:30:17:Infinity":2,"f:22:24:22:30":2,"s:22:30:22:Infinity":3,"f:27:24:27:30":3,"s:27:30:27:Infinity":4,"s:31:6:31:Infinity":5,"s:37:13:45:Infinity":6,"f:37:79:37:85":4,"s:38:8:42:Infinity":7,"f:40:4:40:5":5,"s:40:15:40:Infinity":8,"f:41:4:41:5":6,"s:41:12:41:Infinity":9,"s:43:2:43:Infinity":10,"s:44:2:44:Infinity":11}}}
,"C:\\my_dev\\repositories\\react-19-starter\\src\\routing\\router-config.tsx": {"path":"C:\\my_dev\\repositories\\react-19-starter\\src\\routing\\router-config.tsx","statementMap":{"0":{"start":{"line":6,"column":13},"end":{"line":27,"column":null}}},"fnMap":{},"branchMap":{},"s":{"0":0},"f":{},"b":{},"meta":{"lastBranch":0,"lastFunction":0,"lastStatement":1,"seen":{"s:6:13:27:Infinity":0}}}
,"C:\\my_dev\\repositories\\react-19-starter\\src\\routing\\router.helper.tsx": {"path":"C:\\my_dev\\repositories\\react-19-starter\\src\\routing\\router.helper.tsx","statementMap":{"0":{"start":{"line":9,"column":6},"end":{"line":9,"column":null}},"1":{"start":{"line":9,"column":46},"end":{"line":9,"column":null}},"2":{"start":{"line":11,"column":27},"end":{"line":21,"column":null}},"3":{"start":{"line":13,"column":2},"end":{"line":20,"column":null}},"4":{"start":{"line":23,"column":28},"end":{"line":34,"column":null}},"5":{"start":{"line":24,"column":2},"end":{"line":33,"column":null}}},"fnMap":{"0":{"name":"(anonymous_0)","decl":{"start":{"line":9,"column":40},"end":{"line":9,"column":46}},"loc":{"start":{"line":9,"column":46},"end":{"line":9,"column":null}},"line":9},"1":{"name":"(anonymous_1)","decl":{"start":{"line":11,"column":27},"end":{"line":11,"column":28}},"loc":{"start":{"line":11,"column":67},"end":{"line":21,"column":null}},"line":11},"2":{"name":"(anonymous_2)","decl":{"start":{"line":23,"column":28},"end":{"line":23,"column":29}},"loc":{"start":{"line":23,"column":68},"end":{"line":34,"column":null}},"line":23}},"branchMap":{},"s":{"0":0,"1":0,"2":0,"3":0,"4":0,"5":0},"f":{"0":0,"1":0,"2":0},"b":{},"meta":{"lastBranch":0,"lastFunction":3,"lastStatement":6,"seen":{"s:9:6:9:Infinity":0,"f:9:40:9:46":0,"s:9:46:9:Infinity":1,"s:11:27:21:Infinity":2,"f:11:27:11:28":1,"s:13:2:20:Infinity":3,"s:23:28:34:Infinity":4,"f:23:28:23:29":2,"s:24:2:33:Infinity":5}}}
,"C:\\my_dev\\repositories\\react-19-starter\\src\\routing\\simple-route-wrapper.tsx": {"path":"C:\\my_dev\\repositories\\react-19-starter\\src\\routing\\simple-route-wrapper.tsx","statementMap":{"0":{"start":{"line":4,"column":34},"end":{"line":7,"column":null}},"1":{"start":{"line":5,"column":24},"end":{"line":5,"column":null}},"2":{"start":{"line":6,"column":2},"end":{"line":6,"column":null}}},"fnMap":{"0":{"name":"(anonymous_0)","decl":{"start":{"line":4,"column":34},"end":{"line":4,"column":35}},"loc":{"start":{"line":4,"column":69},"end":{"line":7,"column":null}},"line":4}},"branchMap":{},"s":{"0":0,"1":0,"2":0},"f":{"0":0},"b":{},"meta":{"lastBranch":0,"lastFunction":1,"lastStatement":3,"seen":{"s:4:34:7:Infinity":0,"f:4:34:4:35":0,"s:5:24:5:Infinity":1,"s:6:2:6:Infinity":2}}}
,"C:\\my_dev\\repositories\\react-19-starter\\src\\theme\\color-mode.store.ts": {"path":"C:\\my_dev\\repositories\\react-19-starter\\src\\theme\\color-mode.store.ts","statementMap":{"0":{"start":{"line":5,"column":28},"end":{"line":5,"column":null}},"1":{"start":{"line":6,"column":26},"end":{"line":6,"column":null}},"2":{"start":{"line":7,"column":15},"end":{"line":7,"column":null}},"3":{"start":{"line":9,"column":20},"end":{"line":9,"column":null}},"4":{"start":{"line":11,"column":6},"end":{"line":11,"column":null}},"5":{"start":{"line":13,"column":35},"end":{"line":15,"column":null}},"6":{"start":{"line":14,"column":2},"end":{"line":14,"column":null}},"7":{"start":{"line":17,"column":28},"end":{"line":36,"column":null}},"8":{"start":{"line":18,"column":16},"end":{"line":18,"column":null}},"9":{"start":{"line":20,"column":8},"end":{"line":25,"column":null}},"10":{"start":{"line":21,"column":20},"end":{"line":21,"column":null}},"11":{"start":{"line":22,"column":4},"end":{"line":22,"column":null}},"12":{"start":{"line":23,"column":4},"end":{"line":23,"column":null}},"13":{"start":{"line":24,"column":4},"end":{"line":24,"column":null}},"14":{"start":{"line":27,"column":2},"end":{"line":35,"column":null}},"15":{"start":{"line":28,"column":11},"end":{"line":33,"column":null}},"16":{"start":{"line":38,"column":39},"end":{"line":40,"column":null}},"17":{"start":{"line":39,"column":2},"end":{"line":39,"column":null}}},"fnMap":{"0":{"name":"(anonymous_0)","decl":{"start":{"line":13,"column":35},"end":{"line":13,"column":41}},"loc":{"start":{"line":13,"column":41},"end":{"line":15,"column":null}},"line":13},"1":{"name":"(anonymous_1)","decl":{"start":{"line":17,"column":28},"end":{"line":17,"column":34}},"loc":{"start":{"line":17,"column":34},"end":{"line":36,"column":null}},"line":17},"2":{"name":"(anonymous_2)","decl":{"start":{"line":20,"column":38},"end":{"line":20,"column":44}},"loc":{"start":{"line":20,"column":44},"end":{"line":25,"column":5}},"line":20},"3":{"name":"(anonymous_3)","decl":{"start":{"line":28,"column":4},"end":{"line":28,"column":11}},"loc":{"start":{"line":28,"column":11},"end":{"line":33,"column":null}},"line":28},"4":{"name":"(anonymous_4)","decl":{"start":{"line":38,"column":39},"end":{"line":38,"column":45}},"loc":{"start":{"line":38,"column":45},"end":{"line":40,"column":null}},"line":38}},"branchMap":{"0":{"loc":{"start":{"line":9,"column":20},"end":{"line":9,"column":null}},"type":"binary-expr","locations":[{"start":{"line":9,"column":20},"end":{"line":9,"column":31}},{"start":{"line":9,"column":31},"end":{"line":9,"column":null}}],"line":9},"1":{"loc":{"start":{"line":9,"column":31},"end":{"line":9,"column":null}},"type":"cond-expr","locations":[{"start":{"line":9,"column":51},"end":{"line":9,"column":60}},{"start":{"line":9,"column":60},"end":{"line":9,"column":null}}],"line":9},"2":{"loc":{"start":{"line":21,"column":20},"end":{"line":21,"column":null}},"type":"cond-expr","locations":[{"start":{"line":21,"column":36},"end":{"line":21,"column":46}},{"start":{"line":21,"column":46},"end":{"line":21,"column":null}}],"line":21}},"s":{"0":0,"1":0,"2":0,"3":0,"4":0,"5":0,"6":0,"7":0,"8":0,"9":0,"10":0,"11":0,"12":0,"13":0,"14":0,"15":0,"16":0,"17":0},"f":{"0":0,"1":0,"2":0,"3":0,"4":0},"b":{"0":[0,0],"1":[0,0],"2":[0,0]},"meta":{"lastBranch":3,"lastFunction":5,"lastStatement":18,"seen":{"s:5:28:5:Infinity":0,"s:6:26:6:Infinity":1,"s:7:15:7:Infinity":2,"s:9:20:9:Infinity":3,"b:9:20:9:31:9:31:9:Infinity":0,"b:9:51:9:60:9:60:9:Infinity":1,"s:11:6:11:Infinity":4,"s:13:35:15:Infinity":5,"f:13:35:13:41":0,"s:14:2:14:Infinity":6,"s:17:28:36:Infinity":7,"f:17:28:17:34":1,"s:18:16:18:Infinity":8,"s:20:8:25:Infinity":9,"f:20:38:20:44":2,"s:21:20:21:Infinity":10,"b:21:36:21:46:21:46:21:Infinity":2,"s:22:4:22:Infinity":11,"s:23:4:23:Infinity":12,"s:24:4:24:Infinity":13,"s:27:2:35:Infinity":14,"f:28:4:28:11":3,"s:28:11:33:Infinity":15,"s:38:39:40:Infinity":16,"f:38:39:38:45":4,"s:39:2:39:Infinity":17}}}
,"C:\\my_dev\\repositories\\react-19-starter\\src\\theme\\global.css.d.ts": {"path":"C:\\my_dev\\repositories\\react-19-starter\\src\\theme\\global.css.d.ts","statementMap":{"0":{"start":{"line":6,"column":0},"end":{"line":6,"column":null}}},"fnMap":{},"branchMap":{},"s":{"0":0},"f":{},"b":{},"meta":{"lastBranch":0,"lastFunction":0,"lastStatement":1,"seen":{"s:6:0:6:Infinity":0}}}
}
